2020-04-08 17:31:10,279:INFO:loading known faces...

2020-04-08 17:32:52,082:INFO:loading known faces...

2020-04-08 17:32:55,224:INFO:Processing unknown faces...
2020-04-08 17:32:55,224:INFO:desktop.ini
2020-04-08 17:38:14,155:INFO:loading known faces...

2020-04-08 17:38:17,230:INFO:Processing unknown faces...
2020-04-08 17:38:17,230:INFO:eka01.jpg
2020-04-08 17:38:45,804:INFO:Match found: AllThingsEka
2020-04-08 17:38:53,450:INFO:eka02.jpg
2020-04-08 17:39:22,227:INFO:Match found: AllThingsEka
2020-04-08 17:39:22,227:INFO:Match found: AllThingsEka
2020-04-08 17:39:40,666:INFO:eka03.jpg
2020-04-08 17:50:05,675:INFO:loading known faces...

2020-04-08 17:50:08,822:INFO:Processing unknown faces...
2020-04-08 17:50:08,823:INFO:eka01.jpg
2020-04-08 17:50:37,765:INFO:Match found: AllThingsEka
2020-04-08 17:50:40,996:INFO:eka02.jpg
2020-04-08 17:51:27,367:INFO:loading known faces...

2020-04-08 17:51:30,439:INFO:Video: Processing unknown faces...
2020-04-08 17:51:59,972:INFO:loading known faces...

2020-04-08 17:52:03,088:INFO:Video: Processing unknown faces...
2020-05-04 14:04:54,963:INFO:loading known faces...

2020-05-05 20:40:15,103:INFO:loading known faces...

2020-05-08 09:33:02,658:INFO:loading known faces...

2020-05-10 19:53:14,619:INFO:loading known faces...

2020-05-10 19:53:38,166:INFO:loading known faces...

2020-05-10 20:09:00,827:INFO:loading known faces...

2020-05-10 20:13:43,728:INFO:loading known faces...

2020-05-10 20:19:30,868:INFO:loading known faces...

2020-05-10 20:29:35,859:INFO:loading known faces...

2020-05-10 20:31:12,560:INFO:loading known faces...

2020-05-10 20:33:07,195:INFO:loading known faces...

2020-05-10 20:41:11,612:INFO:loading known faces...

2020-05-10 20:45:48,997:INFO:loading known faces...

2020-05-10 20:49:29,930:INFO:loading known faces...

2020-05-10 20:51:46,301:INFO:loading known faces...

2020-05-11 13:51:16,455:INFO:loading known faces...

2020-05-11 13:51:42,364:INFO:loading known faces...

2020-05-11 13:53:11,267:INFO:loading known faces...

2020-05-11 13:53:36,657:INFO:loading known faces...

2020-05-11 13:59:27,434:INFO:loading known faces...

2020-05-11 14:00:29,551:INFO:loading known faces...

2020-05-11 14:12:46,760:INFO:loading known faces...

2020-05-11 14:18:51,653:INFO:loading known faces...

2020-05-11 14:19:38,048:INFO:loading known faces...

2020-05-11 14:55:41,241:INFO:loading known faces...

2020-05-11 16:39:34,281:INFO:loading known faces...

2020-05-11 16:40:19,216:INFO:loading known faces...

2020-05-11 16:43:45,396:INFO:loading known faces...

2020-05-11 16:45:20,708:INFO:loading known faces...

2020-05-11 16:45:54,200:INFO:loading known faces...

2020-05-11 16:47:58,852:INFO:loading known faces...

2020-05-11 16:53:10,620:INFO:loading known faces...

2020-05-11 16:54:25,140:INFO:loading known faces...

2020-05-11 16:55:44,409:INFO:loading known faces...

2020-05-11 16:56:48,108:INFO:loading known faces...

2020-05-11 16:59:00,699:INFO:loading known faces...

2020-05-11 17:03:08,500:INFO:loading known faces...

2020-05-11 17:06:21,532:INFO:loading known faces...

2020-05-11 17:08:19,979:INFO:loading known faces...

2020-05-11 17:08:57,506:INFO:loading known faces...

2020-05-11 17:09:29,305:INFO:loading known faces...

2020-05-12 13:44:46,729:INFO:loading known faces...

2020-05-12 13:46:28,727:INFO:loading known faces...

2020-05-12 13:50:30,094:INFO:loading known faces...

2020-05-12 14:18:12,016:INFO:loading known faces...

2020-05-12 14:19:39,219:INFO:loading known faces...

2020-05-12 16:10:30,353:INFO:loading known faces...

2020-05-12 17:16:33,193:INFO:loading known faces...

2020-05-17 17:37:20,878:INFO:loading known faces and names...

2020-05-17 17:37:20,880:INFO:8
2020-05-17 17:37:24,047:INFO:10
2020-05-17 17:37:28,669:INFO:Processing unknown faces...
2020-05-17 17:37:30,009:INFO:, found 0 faces
2020-05-17 17:37:30,171:INFO:, found 0 faces
2020-05-17 17:37:30,310:INFO:, found 0 faces
2020-05-17 17:37:30,447:INFO:, found 0 faces
2020-05-17 17:37:30,586:INFO:, found 0 faces
2020-05-17 17:37:30,725:INFO:, found 0 faces
2020-05-17 17:37:30,862:INFO:, found 0 faces
2020-05-17 17:37:31,000:INFO:, found 0 faces
2020-05-17 17:37:31,137:INFO:, found 0 faces
2020-05-17 17:37:31,275:INFO:, found 0 faces
2020-05-17 17:37:31,412:INFO:, found 0 faces
2020-05-17 17:37:31,550:INFO:, found 0 faces
2020-05-17 17:37:31,687:INFO:, found 0 faces
2020-05-17 17:37:32,144:INFO:, found 1 faces
2020-05-17 17:37:32,149:INFO:Match found: Rasmus
2020-05-17 17:37:32,287:INFO:, found 0 faces
2020-05-17 17:37:32,744:INFO:, found 1 faces
2020-05-17 17:37:32,749:INFO:Match found: Rasmus
2020-05-17 17:37:33,206:INFO:, found 1 faces
2020-05-17 17:37:33,212:INFO:Match found: Rasmus
2020-05-17 17:37:33,673:INFO:, found 1 faces
2020-05-17 17:37:33,678:INFO:Match found: Rasmus
2020-05-17 17:37:34,139:INFO:, found 1 faces
2020-05-17 17:37:34,145:INFO:Match found: Rasmus
2020-05-17 17:37:34,287:INFO:, found 0 faces
2020-05-17 17:37:34,423:INFO:, found 0 faces
2020-05-17 17:37:34,561:INFO:, found 0 faces
2020-05-17 17:37:35,021:INFO:, found 1 faces
2020-05-17 17:37:35,026:INFO:Match found: Rasmus
2020-05-17 17:37:35,483:INFO:, found 1 faces
2020-05-17 17:37:35,488:INFO:Match found: Rasmus
2020-05-17 17:37:35,964:INFO:, found 1 faces
2020-05-17 17:37:35,970:INFO:Match found: Rasmus
2020-05-17 17:37:36,476:INFO:, found 1 faces
2020-05-17 17:37:36,481:INFO:Match found: Rasmus
2020-05-17 17:37:36,952:INFO:, found 1 faces
2020-05-17 17:37:36,958:INFO:Match found: Rasmus
2020-05-17 17:37:37,469:INFO:, found 1 faces
2020-05-17 17:37:37,476:INFO:Match found: Rasmus
2020-05-17 17:37:37,954:INFO:, found 1 faces
2020-05-17 17:37:37,961:INFO:Match found: Rasmus
2020-05-17 17:37:38,446:INFO:, found 1 faces
2020-05-17 17:37:38,452:INFO:Match found: Rasmus
2020-05-17 17:37:38,924:INFO:, found 1 faces
2020-05-17 17:37:38,931:INFO:Match found: Rasmus
2020-05-17 17:37:39,072:INFO:, found 0 faces
2020-05-17 17:37:39,218:INFO:, found 0 faces
2020-05-17 17:37:39,357:INFO:, found 0 faces
2020-05-17 17:37:39,494:INFO:, found 0 faces
2020-05-17 17:37:39,634:INFO:, found 0 faces
2020-05-17 17:37:39,773:INFO:, found 0 faces
2020-05-17 17:37:39,914:INFO:, found 0 faces
2020-05-17 17:37:40,052:INFO:, found 0 faces
2020-05-17 17:37:40,191:INFO:, found 0 faces
2020-05-17 17:37:40,329:INFO:, found 0 faces
2020-05-17 17:37:40,468:INFO:, found 0 faces
2020-05-17 17:42:33,099:INFO:loading known faces and names...

2020-05-17 17:42:33,102:INFO:8
2020-05-17 17:42:36,192:INFO:10
2020-05-17 17:42:40,718:INFO:Processing unknown faces...
2020-05-17 17:42:42,237:INFO:, found 0 faces
2020-05-17 17:42:42,398:INFO:, found 0 faces
2020-05-17 17:42:42,533:INFO:, found 0 faces
2020-05-17 17:42:42,668:INFO:, found 0 faces
2020-05-17 17:42:42,804:INFO:, found 0 faces
2020-05-17 17:42:42,940:INFO:, found 0 faces
2020-05-17 17:42:43,075:INFO:, found 0 faces
2020-05-17 17:42:43,211:INFO:, found 0 faces
2020-05-17 17:42:43,347:INFO:, found 0 faces
2020-05-17 17:42:43,481:INFO:, found 0 faces
2020-05-17 17:42:43,617:INFO:, found 0 faces
2020-05-17 17:42:43,752:INFO:, found 0 faces
2020-05-17 17:42:43,890:INFO:, found 0 faces
2020-05-17 17:42:44,029:INFO:, found 0 faces
2020-05-17 17:42:44,165:INFO:, found 0 faces
2020-05-17 17:42:44,302:INFO:, found 0 faces
2020-05-17 17:42:44,437:INFO:, found 0 faces
2020-05-17 17:42:44,891:INFO:, found 1 faces
2020-05-17 17:42:44,898:INFO:Match found: Rasmus
2020-05-17 17:42:45,034:INFO:, found 0 faces
2020-05-17 17:42:45,171:INFO:, found 0 faces
2020-05-17 17:42:45,625:INFO:, found 1 faces
2020-05-17 17:42:45,631:INFO:Match found: Rasmus
2020-05-17 17:42:45,767:INFO:, found 0 faces
2020-05-17 17:42:45,905:INFO:, found 0 faces
2020-05-17 17:42:46,041:INFO:, found 0 faces
2020-05-17 17:42:46,179:INFO:, found 0 faces
2020-05-17 17:42:46,314:INFO:, found 0 faces
2020-05-17 17:42:46,451:INFO:, found 0 faces
2020-05-17 17:42:46,587:INFO:, found 0 faces
2020-05-17 17:42:46,723:INFO:, found 0 faces
2020-05-17 17:42:46,859:INFO:, found 0 faces
2020-05-17 17:42:46,995:INFO:, found 0 faces
2020-05-17 17:42:47,130:INFO:, found 0 faces
2020-05-17 17:42:47,265:INFO:, found 0 faces
2020-05-17 17:42:47,402:INFO:, found 0 faces
2020-05-17 17:42:47,537:INFO:, found 0 faces
2020-05-17 17:42:47,993:INFO:, found 1 faces
2020-05-17 17:42:47,999:INFO:Match found: Rasmus
2020-05-17 17:42:48,454:INFO:, found 1 faces
2020-05-17 17:42:48,459:INFO:Match found: Rasmus
2020-05-17 17:42:48,597:INFO:, found 0 faces
2020-05-17 17:42:48,732:INFO:, found 0 faces
2020-05-17 17:42:48,869:INFO:, found 0 faces
2020-05-17 17:42:49,005:INFO:, found 0 faces
2020-05-17 17:42:49,141:INFO:, found 0 faces
2020-05-17 17:42:49,277:INFO:, found 0 faces
2020-05-17 17:42:49,413:INFO:, found 0 faces
2020-05-17 17:42:49,548:INFO:, found 0 faces
2020-05-17 17:42:49,685:INFO:, found 0 faces
2020-05-17 17:42:49,819:INFO:, found 0 faces
2020-05-17 17:42:49,956:INFO:, found 0 faces
2020-05-17 17:42:50,091:INFO:, found 0 faces
2020-05-17 17:42:50,229:INFO:, found 0 faces
2020-05-17 17:42:50,364:INFO:, found 0 faces
2020-05-17 17:42:50,501:INFO:, found 0 faces
2020-05-17 17:42:50,637:INFO:, found 0 faces
2020-05-17 17:42:50,773:INFO:, found 0 faces
2020-05-17 17:42:50,910:INFO:, found 0 faces
2020-05-17 17:42:51,045:INFO:, found 0 faces
2020-05-17 17:42:51,182:INFO:, found 0 faces
2020-05-17 17:42:51,319:INFO:, found 0 faces
2020-05-17 17:42:51,453:INFO:, found 0 faces
2020-05-17 17:42:51,590:INFO:, found 0 faces
2020-05-17 17:42:51,727:INFO:, found 0 faces
2020-05-17 17:42:51,863:INFO:, found 0 faces
2020-05-17 17:42:51,999:INFO:, found 0 faces
2020-05-17 17:42:52,135:INFO:, found 0 faces
2020-05-17 17:42:52,271:INFO:, found 0 faces
2020-05-17 17:42:52,407:INFO:, found 0 faces
2020-05-17 17:42:52,543:INFO:, found 0 faces
2020-05-17 17:42:52,680:INFO:, found 0 faces
2020-05-17 17:42:52,816:INFO:, found 0 faces
2020-05-17 17:42:52,952:INFO:, found 0 faces
2020-05-17 17:42:53,405:INFO:, found 1 faces
2020-05-17 17:42:53,411:INFO:Match found: Rasmus
2020-05-17 17:42:53,864:INFO:, found 1 faces
2020-05-17 17:42:53,869:INFO:Match found: Rasmus
2020-05-17 17:42:54,342:INFO:, found 1 faces
2020-05-17 17:42:54,348:INFO:Match found: Rasmus
2020-05-17 17:42:54,808:INFO:, found 1 faces
2020-05-17 17:42:54,813:INFO:Match found: Rasmus
2020-05-17 17:42:55,272:INFO:, found 1 faces
2020-05-17 17:42:55,278:INFO:Match found: Rasmus
2020-05-17 17:42:55,733:INFO:, found 1 faces
2020-05-17 17:42:55,738:INFO:Match found: Rasmus
2020-05-17 17:42:56,195:INFO:, found 1 faces
2020-05-17 17:42:56,201:INFO:Match found: Rasmus
2020-05-17 17:42:56,654:INFO:, found 1 faces
2020-05-17 17:42:56,659:INFO:Match found: Rasmus
2020-05-17 17:42:57,118:INFO:, found 1 faces
2020-05-17 17:42:57,124:INFO:Match found: Rasmus
2020-05-17 17:42:57,261:INFO:, found 0 faces
2020-05-17 17:42:57,397:INFO:, found 0 faces
2020-05-17 17:42:57,532:INFO:, found 0 faces
2020-05-17 17:42:57,668:INFO:, found 0 faces
2020-05-17 17:42:57,803:INFO:, found 0 faces
2020-05-17 17:42:57,939:INFO:, found 0 faces
2020-05-17 17:42:58,075:INFO:, found 0 faces
2020-05-17 17:42:58,210:INFO:, found 0 faces
2020-05-17 17:42:58,346:INFO:, found 0 faces
2020-05-17 17:42:58,481:INFO:, found 0 faces
2020-05-17 17:42:58,616:INFO:, found 0 faces
2020-05-17 17:42:58,752:INFO:, found 0 faces
2020-05-17 17:42:58,889:INFO:, found 0 faces
2020-05-17 17:42:59,024:INFO:, found 0 faces
2020-05-17 17:42:59,160:INFO:, found 0 faces
2020-05-17 17:42:59,296:INFO:, found 0 faces
2020-05-17 17:42:59,432:INFO:, found 0 faces
2020-05-17 17:42:59,567:INFO:, found 0 faces
2020-05-17 17:42:59,703:INFO:, found 0 faces
2020-05-17 17:43:00,155:INFO:, found 1 faces
2020-05-17 17:43:00,160:INFO:Match found: Rasmus
2020-05-17 17:43:00,613:INFO:, found 1 faces
2020-05-17 17:43:00,619:INFO:Match found: Rasmus
2020-05-17 17:43:00,755:INFO:, found 0 faces
2020-05-17 17:43:00,890:INFO:, found 0 faces
2020-05-17 17:43:01,029:INFO:, found 0 faces
2020-05-17 17:43:01,165:INFO:, found 0 faces
2020-05-17 17:43:01,300:INFO:, found 0 faces
2020-05-17 17:43:01,437:INFO:, found 0 faces
2020-05-17 17:43:01,574:INFO:, found 0 faces
2020-05-17 17:43:01,711:INFO:, found 0 faces
2020-05-17 17:43:01,848:INFO:, found 0 faces
2020-05-17 17:43:02,306:INFO:, found 1 faces
2020-05-17 17:43:02,311:INFO:Match found: Rasmus
2020-05-17 19:35:03,520:INFO:loading known faces and names...

2020-05-17 19:35:03,527:INFO:8
2020-05-17 19:35:06,646:INFO:10
2020-05-17 19:35:11,160:INFO:Processing unknown faces...
2020-05-17 19:35:12,686:INFO:, found 0 faces
2020-05-17 19:35:12,838:INFO:, found 0 faces
2020-05-17 19:35:12,974:INFO:, found 0 faces
2020-05-17 19:35:13,110:INFO:, found 0 faces
2020-05-17 19:35:13,247:INFO:, found 0 faces
2020-05-17 19:35:13,383:INFO:, found 0 faces
2020-05-17 19:35:13,519:INFO:, found 0 faces
2020-05-17 19:35:13,654:INFO:, found 0 faces
2020-05-17 19:35:14,108:INFO:, found 1 faces
2020-05-17 19:35:14,114:INFO:Match found: Rasmus
2020-05-17 19:35:14,255:INFO:, found 0 faces
2020-05-17 19:35:14,390:INFO:, found 0 faces
2020-05-17 19:35:14,526:INFO:, found 0 faces
2020-05-17 19:35:14,661:INFO:, found 0 faces
2020-05-17 19:35:14,797:INFO:, found 0 faces
2020-05-17 19:35:14,933:INFO:, found 0 faces
2020-05-17 19:35:15,069:INFO:, found 0 faces
2020-05-17 19:35:15,206:INFO:, found 0 faces
2020-05-17 19:35:15,663:INFO:, found 1 faces
2020-05-17 19:35:15,668:INFO:Match found: Rasmus
2020-05-17 19:35:16,124:INFO:, found 1 faces
2020-05-17 19:35:16,130:INFO:Match found: Rasmus
2020-05-17 19:35:16,265:INFO:, found 0 faces
2020-05-17 19:35:16,719:INFO:, found 1 faces
2020-05-17 19:35:16,725:INFO:Match found: Rasmus
2020-05-17 19:35:17,179:INFO:, found 1 faces
2020-05-17 19:35:17,185:INFO:Match found: Rasmus
2020-05-17 19:35:17,320:INFO:, found 0 faces
2020-05-17 19:35:17,775:INFO:, found 1 faces
2020-05-17 19:35:17,780:INFO:Match found: Rasmus
2020-05-17 19:35:17,916:INFO:, found 0 faces
2020-05-17 19:35:18,052:INFO:, found 0 faces
2020-05-17 19:35:18,505:INFO:, found 1 faces
2020-05-17 19:35:18,510:INFO:Match found: Rasmus
2020-05-17 19:35:18,964:INFO:, found 1 faces
2020-05-17 19:35:18,970:INFO:Match found: Rasmus
2020-05-17 19:35:19,106:INFO:, found 0 faces
2020-05-17 19:35:19,245:INFO:, found 0 faces
2020-05-17 19:35:19,703:INFO:, found 1 faces
2020-05-17 19:35:19,708:INFO:Match found: Rasmus
2020-05-17 19:35:20,163:INFO:, found 1 faces
2020-05-17 19:35:20,168:INFO:Match found: Rasmus
2020-05-17 19:35:20,304:INFO:, found 0 faces
2020-05-17 19:35:20,439:INFO:, found 0 faces
2020-05-17 19:35:20,575:INFO:, found 0 faces
2020-05-17 19:35:20,715:INFO:, found 0 faces
2020-05-17 19:35:21,172:INFO:, found 1 faces
2020-05-17 19:35:21,178:INFO:Match found: Rasmus
2020-05-17 19:35:21,315:INFO:, found 0 faces
2020-05-17 19:35:21,451:INFO:, found 0 faces
2020-05-17 19:35:21,588:INFO:, found 0 faces
2020-05-17 19:35:21,723:INFO:, found 0 faces
2020-05-17 19:35:21,859:INFO:, found 0 faces
2020-05-17 19:35:22,333:INFO:, found 1 faces
2020-05-17 19:35:22,339:INFO:Match found: Rasmus
2020-05-17 19:35:22,812:INFO:, found 1 faces
2020-05-17 19:35:22,817:INFO:Match found: Rasmus
2020-05-17 19:35:23,294:INFO:, found 1 faces
2020-05-17 19:35:23,300:INFO:Match found: Rasmus
2020-05-17 19:35:23,437:INFO:, found 0 faces
2020-05-17 19:35:23,572:INFO:, found 0 faces
2020-05-17 19:35:23,708:INFO:, found 0 faces
2020-05-17 19:35:24,162:INFO:, found 1 faces
2020-05-17 19:35:24,167:INFO:Match found: Rasmus
2020-05-17 19:35:24,302:INFO:, found 0 faces
2020-05-17 19:35:24,439:INFO:, found 0 faces
2020-05-17 19:35:24,573:INFO:, found 0 faces
2020-05-17 19:35:24,710:INFO:, found 0 faces
2020-05-17 19:35:24,845:INFO:, found 0 faces
2020-05-17 19:35:24,980:INFO:, found 0 faces
2020-05-17 19:35:25,117:INFO:, found 0 faces
2020-05-17 19:35:25,571:INFO:, found 1 faces
2020-05-17 19:35:25,577:INFO:Match found: Rasmus
2020-05-17 19:35:26,028:INFO:, found 1 faces
2020-05-17 19:35:26,034:INFO:Match found: Rasmus
2020-05-17 19:35:26,172:INFO:, found 0 faces
2020-05-17 19:35:26,308:INFO:, found 0 faces
2020-05-17 19:35:26,443:INFO:, found 0 faces
2020-05-17 19:35:26,579:INFO:, found 0 faces
2020-05-17 19:35:26,715:INFO:, found 0 faces
2020-05-17 19:35:26,853:INFO:, found 0 faces
2020-05-17 19:35:26,995:INFO:, found 0 faces
2020-05-17 19:35:27,132:INFO:, found 0 faces
2020-05-17 19:35:27,267:INFO:, found 0 faces
2020-05-17 19:35:27,403:INFO:, found 0 faces
2020-05-17 19:35:27,539:INFO:, found 0 faces
2020-05-17 19:35:27,675:INFO:, found 0 faces
2020-05-17 19:35:27,811:INFO:, found 0 faces
2020-05-17 19:35:27,947:INFO:, found 0 faces
2020-05-17 19:35:28,083:INFO:, found 0 faces
2020-05-17 19:35:28,219:INFO:, found 0 faces
2020-05-17 19:35:28,354:INFO:, found 0 faces
2020-05-17 19:35:28,490:INFO:, found 0 faces
2020-05-17 19:35:28,627:INFO:, found 0 faces
2020-05-17 19:35:28,762:INFO:, found 0 faces
2020-05-17 19:35:28,896:INFO:, found 0 faces
2020-05-17 19:35:29,032:INFO:, found 0 faces
2020-05-17 19:35:29,168:INFO:, found 0 faces
2020-05-17 19:35:29,303:INFO:, found 0 faces
2020-05-17 19:35:29,439:INFO:, found 0 faces
2020-05-17 19:35:29,574:INFO:, found 0 faces
2020-05-17 19:35:29,710:INFO:, found 0 faces
2020-05-17 19:35:29,846:INFO:, found 0 faces
2020-05-17 19:35:29,982:INFO:, found 0 faces
2020-05-17 19:35:30,119:INFO:, found 0 faces
2020-05-17 19:35:30,255:INFO:, found 0 faces
2020-05-17 19:35:30,393:INFO:, found 0 faces
2020-05-17 19:35:30,529:INFO:, found 0 faces
2020-05-17 19:35:30,665:INFO:, found 0 faces
2020-05-17 19:35:30,800:INFO:, found 0 faces
2020-05-17 19:35:31,256:INFO:, found 1 faces
2020-05-17 19:35:31,261:INFO:Match found: Rasmus
2020-05-17 19:35:31,397:INFO:, found 0 faces
2020-05-17 19:35:31,534:INFO:, found 0 faces
2020-05-17 19:35:31,996:INFO:, found 1 faces
2020-05-17 19:35:32,002:INFO:Match found: Rasmus
2020-05-17 19:35:32,457:INFO:, found 1 faces
2020-05-17 19:35:32,463:INFO:Match found: Rasmus
2020-05-17 19:35:32,918:INFO:, found 1 faces
2020-05-17 19:35:32,923:INFO:Match found: Rasmus
2020-05-17 19:35:33,377:INFO:, found 1 faces
2020-05-17 19:35:33,382:INFO:Match found: Rasmus
2020-05-17 19:37:46,569:INFO:loading known faces and names...

2020-05-17 19:37:46,576:INFO:8
2020-05-17 19:37:49,698:INFO:10
2020-05-17 19:37:54,215:INFO:Processing unknown faces...
2020-05-17 19:37:55,702:INFO:, found 0 faces
2020-05-17 19:37:55,865:INFO:, found 0 faces
2020-05-17 19:37:56,320:INFO:, found 1 faces
2020-05-17 19:37:56,326:INFO:Match found: Rasmus
2020-05-17 19:37:56,778:INFO:, found 1 faces
2020-05-17 19:37:56,784:INFO:Match found: Rasmus
2020-05-17 19:37:57,237:INFO:, found 1 faces
2020-05-17 19:37:57,242:INFO:Match found: Rasmus
2020-05-17 19:37:57,700:INFO:, found 1 faces
2020-05-17 19:37:57,705:INFO:Match found: Rasmus
2020-05-17 19:37:58,158:INFO:, found 1 faces
2020-05-17 19:37:58,164:INFO:Match found: Rasmus
2020-05-17 19:37:58,617:INFO:, found 1 faces
2020-05-17 19:37:58,622:INFO:Match found: Rasmus
2020-05-17 19:37:59,077:INFO:, found 1 faces
2020-05-17 19:37:59,083:INFO:Match found: Rasmus
2020-05-17 19:37:59,220:INFO:, found 0 faces
2020-05-17 19:37:59,356:INFO:, found 0 faces
2020-05-17 19:37:59,808:INFO:, found 1 faces
2020-05-17 19:37:59,813:INFO:Match found: Rasmus
2020-05-17 19:38:00,269:INFO:, found 1 faces
2020-05-17 19:38:00,275:INFO:Match found: Rasmus
2020-05-17 19:38:00,413:INFO:, found 0 faces
2020-05-17 19:38:00,548:INFO:, found 0 faces
2020-05-17 19:38:01,003:INFO:, found 1 faces
2020-05-17 19:38:01,009:INFO:Match found: Rasmus
2020-05-17 19:38:01,462:INFO:, found 1 faces
2020-05-17 19:38:01,467:INFO:Match found: Rasmus
2020-05-17 19:38:01,604:INFO:, found 0 faces
2020-05-17 19:38:01,738:INFO:, found 0 faces
2020-05-17 19:38:01,875:INFO:, found 0 faces
2020-05-17 19:38:02,012:INFO:, found 0 faces
2020-05-17 19:38:02,148:INFO:, found 0 faces
2020-05-17 19:38:02,285:INFO:, found 0 faces
2020-05-17 19:38:02,420:INFO:, found 0 faces
2020-05-17 19:38:02,556:INFO:, found 0 faces
2020-05-17 19:38:02,692:INFO:, found 0 faces
2020-05-17 19:38:02,827:INFO:, found 0 faces
2020-05-17 19:38:02,963:INFO:, found 0 faces
2020-05-17 19:38:03,100:INFO:, found 0 faces
2020-05-17 19:38:03,235:INFO:, found 0 faces
2020-05-17 19:38:03,372:INFO:, found 0 faces
2020-05-17 19:38:03,509:INFO:, found 0 faces
2020-05-17 19:38:03,644:INFO:, found 0 faces
2020-05-17 19:38:03,780:INFO:, found 0 faces
2020-05-17 19:38:03,915:INFO:, found 0 faces
2020-05-17 19:38:04,052:INFO:, found 0 faces
2020-05-17 19:38:04,188:INFO:, found 0 faces
2020-05-17 19:38:04,325:INFO:, found 0 faces
2020-05-17 19:38:04,460:INFO:, found 0 faces
2020-05-17 19:38:04,596:INFO:, found 0 faces
2020-05-17 19:38:04,733:INFO:, found 0 faces
2020-05-17 19:38:04,868:INFO:, found 0 faces
2020-05-17 19:38:05,005:INFO:, found 0 faces
2020-05-17 19:38:05,145:INFO:, found 0 faces
2020-05-17 19:38:05,281:INFO:, found 0 faces
2020-05-17 19:38:05,418:INFO:, found 0 faces
2020-05-17 19:38:05,554:INFO:, found 0 faces
2020-05-17 19:38:05,689:INFO:, found 0 faces
2020-05-17 19:38:05,826:INFO:, found 0 faces
2020-05-17 19:38:05,962:INFO:, found 0 faces
2020-05-17 19:38:06,097:INFO:, found 0 faces
2020-05-17 19:38:06,234:INFO:, found 0 faces
2020-05-17 19:38:06,370:INFO:, found 0 faces
2020-05-17 19:38:06,507:INFO:, found 0 faces
2020-05-17 19:38:06,643:INFO:, found 0 faces
2020-05-17 19:38:06,779:INFO:, found 0 faces
2020-05-17 19:38:07,234:INFO:, found 1 faces
2020-05-17 19:38:07,240:INFO:Match found: Rasmus
2020-05-17 19:38:07,693:INFO:, found 1 faces
2020-05-17 19:38:07,698:INFO:Match found: Rasmus
2020-05-17 19:38:08,152:INFO:, found 1 faces
2020-05-17 19:38:08,157:INFO:Match found: Rasmus
2020-05-17 19:38:08,611:INFO:, found 1 faces
2020-05-17 19:38:08,616:INFO:Match found: Rasmus
2020-05-17 19:38:09,081:INFO:, found 1 faces
2020-05-17 19:38:09,087:INFO:Match found: Rasmus
2020-05-17 19:38:09,541:INFO:, found 1 faces
2020-05-17 19:38:09,546:INFO:Match found: Rasmus
2020-05-17 19:38:09,683:INFO:, found 0 faces
2020-05-17 19:38:09,819:INFO:, found 0 faces
2020-05-17 19:38:09,955:INFO:, found 0 faces
2020-05-17 19:38:10,092:INFO:, found 0 faces
2020-05-17 19:38:10,227:INFO:, found 0 faces
2020-05-17 19:43:01,555:INFO:loading known faces and names...

2020-05-17 19:43:01,561:INFO:8
2020-05-17 19:43:04,691:INFO:10
2020-05-17 19:43:09,280:INFO:Processing unknown faces...
2020-05-17 19:43:11,211:INFO:, found 1 faces
2020-05-17 19:43:11,217:INFO:Match found: Rasmus
2020-05-17 19:43:11,684:INFO:, found 1 faces
2020-05-17 19:43:11,689:INFO:Match found: Rasmus
2020-05-17 19:43:11,825:INFO:, found 0 faces
2020-05-17 19:43:11,959:INFO:, found 0 faces
2020-05-17 19:43:12,095:INFO:, found 0 faces
2020-05-17 19:43:12,231:INFO:, found 0 faces
2020-05-17 19:43:12,367:INFO:, found 0 faces
2020-05-17 19:43:12,505:INFO:, found 0 faces
2020-05-17 19:43:12,963:INFO:, found 1 faces
2020-05-17 19:43:12,968:INFO:Match found: Rasmus
2020-05-17 19:43:13,419:INFO:, found 1 faces
2020-05-17 19:43:13,425:INFO:Match found: Rasmus
2020-05-17 19:43:13,881:INFO:, found 1 faces
2020-05-17 19:43:13,887:INFO:Match found: Rasmus
2020-05-17 19:43:14,352:INFO:, found 1 faces
2020-05-17 19:43:14,358:INFO:Match found: Rasmus
2020-05-17 19:43:14,817:INFO:, found 1 faces
2020-05-17 19:43:14,823:INFO:Match found: Rasmus
2020-05-17 19:43:15,282:INFO:, found 1 faces
2020-05-17 19:43:15,288:INFO:Match found: Rasmus
2020-05-17 19:43:15,787:INFO:, found 1 faces
2020-05-17 19:43:15,792:INFO:Match found: Rasmus
2020-05-17 19:43:16,257:INFO:, found 1 faces
2020-05-17 19:43:16,263:INFO:Match found: Rasmus
2020-05-17 19:43:16,728:INFO:, found 1 faces
2020-05-17 19:43:16,734:INFO:Match found: Rasmus
2020-05-17 19:43:17,187:INFO:, found 1 faces
2020-05-17 19:43:17,194:INFO:Match found: Rasmus
2020-05-17 19:43:17,662:INFO:, found 1 faces
2020-05-17 19:43:17,668:INFO:Match found: Rasmus
2020-05-17 19:43:18,149:INFO:, found 1 faces
2020-05-17 19:43:18,156:INFO:Match found: Rasmus
2020-05-17 19:43:18,612:INFO:, found 1 faces
2020-05-17 19:43:18,619:INFO:Match found: Rasmus
2020-05-17 19:43:19,073:INFO:, found 1 faces
2020-05-17 19:43:19,079:INFO:Match found: Rasmus
2020-05-17 19:43:19,536:INFO:, found 1 faces
2020-05-17 19:43:19,541:INFO:Match found: Rasmus
2020-05-17 19:43:19,995:INFO:, found 1 faces
2020-05-17 19:43:20,001:INFO:Match found: Rasmus
2020-05-17 19:43:20,137:INFO:, found 0 faces
2020-05-17 19:43:20,272:INFO:, found 0 faces
2020-05-17 19:43:20,408:INFO:, found 0 faces
2020-05-17 19:43:20,544:INFO:, found 0 faces
2020-05-17 19:43:20,679:INFO:, found 0 faces
2020-05-17 19:43:20,815:INFO:, found 0 faces
2020-05-17 19:43:20,952:INFO:, found 0 faces
2020-05-17 19:43:21,087:INFO:, found 0 faces
2020-05-17 19:43:21,228:INFO:, found 0 faces
2020-05-17 19:43:21,365:INFO:, found 0 faces
2020-05-17 19:43:21,500:INFO:, found 0 faces
2020-05-17 19:43:21,636:INFO:, found 0 faces
2020-05-17 19:43:21,772:INFO:, found 0 faces
2020-05-17 19:43:21,909:INFO:, found 0 faces
2020-05-17 19:43:22,045:INFO:, found 0 faces
2020-05-17 19:43:22,181:INFO:, found 0 faces
2020-05-17 19:43:22,318:INFO:, found 0 faces
2020-05-17 19:43:22,454:INFO:, found 0 faces
2020-05-17 19:43:22,591:INFO:, found 0 faces
2020-05-17 19:43:22,727:INFO:, found 0 faces
2020-05-17 19:43:22,863:INFO:, found 0 faces
2020-05-17 19:43:22,999:INFO:, found 0 faces
2020-05-17 19:43:23,456:INFO:, found 1 faces
2020-05-17 19:43:23,462:INFO:Match found: Rasmus
2020-05-17 19:43:23,914:INFO:, found 1 faces
2020-05-17 19:43:23,920:INFO:Match found: Rasmus
2020-05-17 19:43:24,376:INFO:, found 1 faces
2020-05-17 19:43:24,381:INFO:Match found: Rasmus
2020-05-17 19:43:24,839:INFO:, found 1 faces
2020-05-17 19:43:24,845:INFO:Match found: Rasmus
2020-05-17 19:43:25,305:INFO:, found 1 faces
2020-05-17 19:43:25,310:INFO:Match found: Rasmus
2020-05-17 19:43:25,765:INFO:, found 1 faces
2020-05-17 19:43:25,771:INFO:Match found: Rasmus
2020-05-17 19:43:25,907:INFO:, found 0 faces
2020-05-17 19:43:26,362:INFO:, found 1 faces
2020-05-17 19:43:26,367:INFO:Match found: Rasmus
2020-05-17 19:44:27,295:INFO:loading known faces and names...

2020-05-17 19:44:27,296:INFO:8
2020-05-17 19:44:30,396:INFO:10
2020-05-17 19:44:34,931:INFO:Processing unknown faces...
2020-05-17 19:44:36,749:INFO:, found 1 faces
2020-05-17 19:44:36,754:INFO:Match found: Rasmus
2020-05-17 19:44:36,911:INFO:, found 0 faces
2020-05-17 19:44:37,046:INFO:, found 0 faces
2020-05-17 19:44:37,503:INFO:, found 1 faces
2020-05-17 19:44:37,509:INFO:Match found: Rasmus
2020-05-17 19:44:37,645:INFO:, found 0 faces
2020-05-17 19:44:37,787:INFO:, found 0 faces
2020-05-17 19:44:38,241:INFO:, found 1 faces
2020-05-17 19:44:38,246:INFO:Match found: Rasmus
2020-05-17 19:44:38,382:INFO:, found 0 faces
2020-05-17 19:44:38,518:INFO:, found 0 faces
2020-05-17 19:44:38,653:INFO:, found 0 faces
2020-05-17 19:44:38,788:INFO:, found 0 faces
2020-05-17 19:44:39,243:INFO:, found 1 faces
2020-05-17 19:44:39,248:INFO:Match found: Rasmus
2020-05-17 19:44:39,702:INFO:, found 1 faces
2020-05-17 19:44:39,708:INFO:Match found: Rasmus
2020-05-17 19:44:40,161:INFO:, found 1 faces
2020-05-17 19:44:40,166:INFO:Match found: Rasmus
2020-05-17 19:44:40,623:INFO:, found 1 faces
2020-05-17 19:44:40,629:INFO:Match found: Rasmus
2020-05-17 19:44:41,088:INFO:, found 1 faces
2020-05-17 19:44:41,094:INFO:Match found: Rasmus
2020-05-17 19:44:41,230:INFO:, found 0 faces
2020-05-17 19:44:41,365:INFO:, found 0 faces
2020-05-17 19:44:41,501:INFO:, found 0 faces
2020-05-17 19:44:41,636:INFO:, found 0 faces
2020-05-17 19:44:41,772:INFO:, found 0 faces
2020-05-17 19:44:41,907:INFO:, found 0 faces
2020-05-17 19:44:42,043:INFO:, found 0 faces
2020-05-17 19:44:42,180:INFO:, found 0 faces
2020-05-17 19:44:42,316:INFO:, found 0 faces
2020-05-17 19:44:42,769:INFO:, found 1 faces
2020-05-17 19:44:42,775:INFO:Match found: Rasmus
2020-05-17 19:44:43,231:INFO:, found 1 faces
2020-05-17 19:44:43,236:INFO:Match found: Rasmus
2020-05-17 19:44:43,690:INFO:, found 1 faces
2020-05-17 19:44:43,696:INFO:Match found: Rasmus
2020-05-17 19:44:44,153:INFO:, found 1 faces
2020-05-17 19:44:44,159:INFO:Match found: Rasmus
2020-05-17 19:44:44,623:INFO:, found 1 faces
2020-05-17 19:44:44,628:INFO:Match found: Rasmus
2020-05-17 19:44:44,764:INFO:, found 0 faces
2020-05-17 19:44:45,221:INFO:, found 1 faces
2020-05-17 19:44:45,226:INFO:Match found: Rasmus
2020-05-17 19:44:45,683:INFO:, found 1 faces
2020-05-17 19:44:45,689:INFO:Match found: Rasmus
2020-05-17 19:44:46,144:INFO:, found 1 faces
2020-05-17 19:44:46,149:INFO:Match found: Rasmus
2020-05-17 19:44:46,605:INFO:, found 1 faces
2020-05-17 19:44:46,611:INFO:Match found: Rasmus
2020-05-17 19:44:47,063:INFO:, found 1 faces
2020-05-17 19:44:47,069:INFO:Match found: Rasmus
2020-05-17 19:44:47,525:INFO:, found 1 faces
2020-05-17 19:44:47,531:INFO:Match found: Rasmus
2020-05-17 19:44:47,985:INFO:, found 1 faces
2020-05-17 19:44:47,990:INFO:Match found: Rasmus
2020-05-17 19:44:48,463:INFO:, found 1 faces
2020-05-17 19:44:48,468:INFO:Match found: Rasmus
2020-05-17 19:44:48,922:INFO:, found 1 faces
2020-05-17 19:44:48,928:INFO:Match found: Rasmus
2020-05-17 19:44:49,065:INFO:, found 0 faces
2020-05-17 19:44:49,523:INFO:, found 1 faces
2020-05-17 19:44:49,528:INFO:Match found: Rasmus
2020-05-17 19:44:49,664:INFO:, found 0 faces
2020-05-17 19:44:49,800:INFO:, found 0 faces
2020-05-17 19:44:49,936:INFO:, found 0 faces
2020-05-17 19:44:50,389:INFO:, found 1 faces
2020-05-17 19:44:50,395:INFO:Match found: Rasmus
2020-05-17 19:44:50,531:INFO:, found 0 faces
2020-05-17 19:44:50,666:INFO:, found 0 faces
2020-05-17 19:44:50,802:INFO:, found 0 faces
2020-05-17 19:44:51,257:INFO:, found 1 faces
2020-05-17 19:44:51,263:INFO:Match found: Rasmus
2020-05-17 19:44:51,398:INFO:, found 0 faces
2020-05-17 19:44:51,536:INFO:, found 0 faces
2020-05-17 19:44:51,671:INFO:, found 0 faces
2020-05-17 19:44:51,809:INFO:, found 0 faces
2020-05-17 19:44:51,947:INFO:, found 0 faces
2020-05-17 19:44:52,084:INFO:, found 0 faces
2020-05-17 19:44:52,220:INFO:, found 0 faces
2020-05-17 19:44:52,355:INFO:, found 0 faces
2020-05-17 19:44:52,492:INFO:, found 0 faces
2020-05-17 19:44:52,628:INFO:, found 0 faces
2020-05-17 19:44:52,767:INFO:, found 0 faces
2020-05-17 19:44:52,903:INFO:, found 0 faces
2020-05-17 19:44:53,040:INFO:, found 0 faces
2020-05-17 19:44:53,175:INFO:, found 0 faces
2020-05-17 19:44:53,311:INFO:, found 0 faces
2020-05-17 19:44:53,446:INFO:, found 0 faces
2020-05-17 19:44:53,582:INFO:, found 0 faces
2020-05-17 19:44:53,718:INFO:, found 0 faces
2020-05-17 19:44:53,854:INFO:, found 0 faces
2020-05-17 19:44:53,992:INFO:, found 0 faces
2020-05-17 19:44:54,128:INFO:, found 0 faces
2020-05-17 19:44:54,263:INFO:, found 0 faces
2020-05-17 19:44:54,400:INFO:, found 0 faces
2020-05-17 19:44:54,538:INFO:, found 0 faces
2020-05-17 19:44:55,004:INFO:, found 1 faces
2020-05-17 19:44:55,013:INFO:Match found: Rasmus
2020-05-17 19:44:55,166:INFO:, found 0 faces
2020-05-17 19:44:55,304:INFO:, found 0 faces
2020-05-17 19:44:55,441:INFO:, found 0 faces
2020-05-17 19:44:55,577:INFO:, found 0 faces
2020-05-17 19:44:55,713:INFO:, found 0 faces
2020-05-17 19:44:55,849:INFO:, found 0 faces
2020-05-17 19:44:55,985:INFO:, found 0 faces
2020-05-17 19:44:56,126:INFO:, found 0 faces
2020-05-17 19:44:56,261:INFO:, found 0 faces
2020-05-17 19:44:56,400:INFO:, found 0 faces
2020-05-17 19:44:56,538:INFO:, found 0 faces
2020-05-17 19:44:56,674:INFO:, found 0 faces
2020-05-17 19:44:56,812:INFO:, found 0 faces
2020-05-17 19:44:56,951:INFO:, found 0 faces
2020-05-17 19:44:57,086:INFO:, found 0 faces
2020-05-17 19:44:57,544:INFO:, found 1 faces
2020-05-17 19:44:57,550:INFO:Match found: Rasmus
2020-05-17 19:44:58,006:INFO:, found 1 faces
2020-05-17 19:44:58,012:INFO:Match found: Rasmus
2020-05-17 19:44:58,467:INFO:, found 1 faces
2020-05-17 19:44:58,473:INFO:Match found: Rasmus
2020-05-17 19:44:58,928:INFO:, found 1 faces
2020-05-17 19:44:58,933:INFO:Match found: Rasmus
2020-05-17 19:44:59,388:INFO:, found 1 faces
2020-05-17 19:44:59,394:INFO:Match found: Rasmus
2020-05-17 19:44:59,867:INFO:, found 1 faces
2020-05-17 19:44:59,873:INFO:Match found: Rasmus
2020-05-17 19:45:00,334:INFO:, found 1 faces
2020-05-17 19:45:00,340:INFO:Match found: Rasmus
2020-05-17 19:45:00,862:INFO:, found 1 faces
2020-05-17 19:45:00,869:INFO:Match found: Rasmus
2020-05-17 19:45:01,330:INFO:, found 1 faces
2020-05-17 19:45:01,336:INFO:Match found: Rasmus
2020-05-17 19:45:01,473:INFO:, found 0 faces
2020-05-17 19:45:01,613:INFO:, found 0 faces
2020-05-17 19:45:01,751:INFO:, found 0 faces
2020-05-17 19:45:01,889:INFO:, found 0 faces
2020-05-17 19:45:02,027:INFO:, found 0 faces
2020-05-17 19:45:02,172:INFO:, found 0 faces
2020-05-17 19:45:02,666:INFO:, found 1 faces
2020-05-17 19:45:03,134:INFO:, found 1 faces
2020-05-17 19:45:03,140:INFO:Match found: Rasmus
2020-05-17 19:45:03,633:INFO:, found 1 faces
2020-05-17 19:45:03,638:INFO:Match found: Rasmus
2020-05-17 19:45:04,100:INFO:, found 1 faces
2020-05-17 19:45:04,105:INFO:Match found: Rasmus
2020-05-17 19:45:04,564:INFO:, found 1 faces
2020-05-17 19:45:04,570:INFO:Match found: Rasmus
2020-05-17 19:45:05,057:INFO:, found 1 faces
2020-05-17 19:45:05,063:INFO:Match found: Rasmus
2020-05-17 19:45:05,555:INFO:, found 1 faces
2020-05-17 19:45:05,560:INFO:Match found: Rasmus
2020-05-17 19:45:06,074:INFO:, found 1 faces
2020-05-17 19:45:06,080:INFO:Match found: Rasmus
2020-05-17 19:45:06,542:INFO:, found 1 faces
2020-05-17 19:45:06,547:INFO:Match found: Rasmus
2020-05-17 19:45:07,004:INFO:, found 1 faces
2020-05-17 19:45:07,010:INFO:Match found: Rasmus
2020-05-17 19:45:07,469:INFO:, found 1 faces
2020-05-17 19:45:07,475:INFO:Match found: Rasmus
2020-05-17 19:45:07,620:INFO:, found 0 faces
2020-05-17 19:45:07,757:INFO:, found 0 faces
2020-05-17 19:45:08,210:INFO:, found 1 faces
2020-05-17 19:45:08,216:INFO:Match found: Rasmus
2020-05-17 19:45:08,353:INFO:, found 0 faces
2020-05-17 19:45:08,491:INFO:, found 0 faces
2020-05-17 19:45:08,627:INFO:, found 0 faces
2020-05-17 19:45:08,765:INFO:, found 0 faces
2020-05-17 19:45:08,902:INFO:, found 0 faces
2020-05-17 19:45:09,037:INFO:, found 0 faces
2020-05-17 19:45:09,174:INFO:, found 0 faces
2020-05-17 19:45:09,310:INFO:, found 0 faces
2020-05-17 19:45:09,446:INFO:, found 0 faces
2020-05-17 19:45:09,583:INFO:, found 0 faces
2020-05-17 19:45:09,720:INFO:, found 0 faces
2020-05-17 19:45:09,859:INFO:, found 0 faces
2020-05-17 19:45:09,996:INFO:, found 0 faces
2020-05-17 19:45:12,046:INFO:, found 6 faces
2020-05-17 19:45:13,529:INFO:, found 4 faces
2020-05-17 19:45:14,980:INFO:, found 4 faces
2020-05-17 19:45:16,427:INFO:, found 4 faces
2020-05-17 19:45:17,872:INFO:, found 4 faces
2020-05-17 19:45:19,629:INFO:, found 5 faces
2020-05-17 19:45:21,382:INFO:, found 5 faces
2020-05-17 19:45:22,817:INFO:, found 4 faces
2020-05-17 19:45:24,949:INFO:, found 6 faces
2020-05-17 19:45:24,955:INFO:Match found: AllThingsEka
2020-05-17 19:45:25,756:INFO:, found 2 faces
2020-05-17 19:45:27,814:INFO:, found 6 faces
2020-05-17 19:45:29,890:INFO:, found 6 faces
2020-05-17 19:45:31,665:INFO:, found 5 faces
2020-05-17 19:45:32,463:INFO:, found 2 faces
2020-05-17 19:45:33,250:INFO:, found 2 faces
2020-05-17 19:45:33,397:INFO:, found 0 faces
2020-05-17 19:45:33,850:INFO:, found 1 faces
2020-05-17 19:45:34,627:INFO:, found 2 faces
2020-05-17 19:45:35,409:INFO:, found 2 faces
2020-05-17 19:45:36,193:INFO:, found 2 faces
2020-05-17 19:45:36,661:INFO:, found 1 faces
2020-05-17 19:45:37,126:INFO:, found 1 faces
2020-05-17 19:45:38,227:INFO:, found 3 faces
2020-05-17 19:45:39,375:INFO:, found 3 faces
2020-05-17 19:45:40,493:INFO:, found 3 faces
2020-05-17 19:45:41,608:INFO:, found 3 faces
2020-05-17 19:45:42,727:INFO:, found 3 faces
2020-05-17 19:45:43,834:INFO:, found 3 faces
2020-05-17 19:45:44,953:INFO:, found 3 faces
2020-05-17 19:45:46,069:INFO:, found 3 faces
2020-05-17 19:45:46,224:INFO:, found 0 faces
2020-05-17 19:45:46,361:INFO:, found 0 faces
2020-05-17 19:45:46,502:INFO:, found 0 faces
2020-05-17 19:45:46,647:INFO:, found 0 faces
2020-05-17 19:45:46,785:INFO:, found 0 faces
2020-05-17 19:45:46,925:INFO:, found 0 faces
2020-05-17 19:45:47,061:INFO:, found 0 faces
2020-05-17 19:45:47,200:INFO:, found 0 faces
2020-05-17 19:45:47,336:INFO:, found 0 faces
2020-05-17 19:45:47,472:INFO:, found 0 faces
2020-05-17 19:45:47,608:INFO:, found 0 faces
2020-05-17 19:45:47,744:INFO:, found 0 faces
2020-05-17 19:45:47,879:INFO:, found 0 faces
2020-05-17 19:45:48,017:INFO:, found 0 faces
2020-05-17 19:45:48,155:INFO:, found 0 faces
2020-05-17 19:45:48,291:INFO:, found 0 faces
2020-05-17 19:45:48,428:INFO:, found 0 faces
2020-05-17 19:45:48,564:INFO:, found 0 faces
2020-05-17 19:45:48,701:INFO:, found 0 faces
2020-05-17 19:45:48,837:INFO:, found 0 faces
2020-05-17 19:45:48,973:INFO:, found 0 faces
2020-05-17 19:45:49,110:INFO:, found 0 faces
2020-05-17 19:45:49,254:INFO:, found 0 faces
2020-05-17 19:45:49,389:INFO:, found 0 faces
2020-05-17 19:45:49,526:INFO:, found 0 faces
2020-05-17 19:45:49,662:INFO:, found 0 faces
2020-05-17 19:45:49,798:INFO:, found 0 faces
2020-05-17 19:45:49,934:INFO:, found 0 faces
2020-05-17 19:45:50,070:INFO:, found 0 faces
2020-05-17 19:45:50,206:INFO:, found 0 faces
2020-05-17 19:45:50,341:INFO:, found 0 faces
2020-05-17 19:45:50,478:INFO:, found 0 faces
2020-05-17 19:45:50,616:INFO:, found 0 faces
2020-05-17 19:45:50,784:INFO:, found 0 faces
2020-05-17 19:45:50,925:INFO:, found 0 faces
2020-05-17 19:45:51,060:INFO:, found 0 faces
2020-05-17 19:45:51,197:INFO:, found 0 faces
2020-05-17 19:45:51,333:INFO:, found 0 faces
2020-05-17 19:45:51,471:INFO:, found 0 faces
2020-05-17 19:45:51,607:INFO:, found 0 faces
2020-05-17 19:45:51,743:INFO:, found 0 faces
2020-05-17 19:45:51,884:INFO:, found 0 faces
2020-05-17 19:45:52,020:INFO:, found 0 faces
2020-05-17 19:45:52,156:INFO:, found 0 faces
2020-05-17 19:45:52,293:INFO:, found 0 faces
2020-05-17 19:45:52,428:INFO:, found 0 faces
2020-05-17 19:45:52,565:INFO:, found 0 faces
2020-05-17 19:45:52,701:INFO:, found 0 faces
2020-05-17 19:45:52,839:INFO:, found 0 faces
2020-05-17 19:45:52,975:INFO:, found 0 faces
2020-05-17 19:45:53,114:INFO:, found 0 faces
2020-05-17 19:45:53,250:INFO:, found 0 faces
2020-05-17 19:45:53,387:INFO:, found 0 faces
2020-05-17 19:45:53,524:INFO:, found 0 faces
2020-05-17 19:45:53,660:INFO:, found 0 faces
2020-05-17 19:45:53,795:INFO:, found 0 faces
2020-05-17 19:45:53,932:INFO:, found 0 faces
2020-05-17 19:45:54,068:INFO:, found 0 faces
2020-05-17 19:45:54,207:INFO:, found 0 faces
2020-05-17 19:45:54,362:INFO:, found 0 faces
2020-05-17 19:45:54,500:INFO:, found 0 faces
2020-05-17 19:45:54,638:INFO:, found 0 faces
2020-05-17 19:45:54,775:INFO:, found 0 faces
2020-05-17 19:45:54,912:INFO:, found 0 faces
2020-05-17 19:45:55,049:INFO:, found 0 faces
2020-05-17 19:45:55,186:INFO:, found 0 faces
2020-05-17 19:45:55,322:INFO:, found 0 faces
2020-05-17 19:45:55,458:INFO:, found 0 faces
2020-05-17 19:45:55,596:INFO:, found 0 faces
2020-05-17 19:45:55,740:INFO:, found 0 faces
2020-05-17 19:45:55,886:INFO:, found 0 faces
2020-05-17 19:45:56,032:INFO:, found 0 faces
2020-05-17 19:45:56,172:INFO:, found 0 faces
2020-05-17 19:45:56,308:INFO:, found 0 faces
2020-05-17 19:45:56,445:INFO:, found 0 faces
2020-05-17 19:45:56,582:INFO:, found 0 faces
2020-05-17 19:45:56,719:INFO:, found 0 faces
2020-05-17 19:45:56,857:INFO:, found 0 faces
2020-05-17 19:45:56,993:INFO:, found 0 faces
2020-05-17 19:45:57,129:INFO:, found 0 faces
2020-05-17 19:45:57,267:INFO:, found 0 faces
2020-05-17 19:45:57,402:INFO:, found 0 faces
2020-05-17 19:45:57,539:INFO:, found 0 faces
2020-05-17 19:45:57,676:INFO:, found 0 faces
2020-05-17 19:45:57,812:INFO:, found 0 faces
2020-05-17 19:45:57,949:INFO:, found 0 faces
2020-05-17 19:45:58,084:INFO:, found 0 faces
2020-05-17 19:45:58,220:INFO:, found 0 faces
2020-05-17 19:45:58,356:INFO:, found 0 faces
2020-05-17 19:45:58,492:INFO:, found 0 faces
2020-05-17 19:45:58,628:INFO:, found 0 faces
2020-05-17 19:45:58,766:INFO:, found 0 faces
2020-05-17 19:45:58,902:INFO:, found 0 faces
2020-05-17 19:45:59,042:INFO:, found 0 faces
2020-05-17 19:45:59,177:INFO:, found 0 faces
2020-05-17 19:45:59,314:INFO:, found 0 faces
2020-05-17 19:45:59,448:INFO:, found 0 faces
2020-05-17 19:45:59,590:INFO:, found 0 faces
2020-05-17 19:45:59,725:INFO:, found 0 faces
2020-05-17 19:45:59,860:INFO:, found 0 faces
2020-05-17 19:45:59,996:INFO:, found 0 faces
2020-05-17 19:46:00,131:INFO:, found 0 faces
2020-05-17 19:46:00,270:INFO:, found 0 faces
2020-05-17 19:46:00,406:INFO:, found 0 faces
2020-05-17 19:46:00,542:INFO:, found 0 faces
2020-05-17 19:46:00,679:INFO:, found 0 faces
2020-05-17 19:46:00,815:INFO:, found 0 faces
2020-05-17 19:46:00,951:INFO:, found 0 faces
2020-05-17 19:46:01,088:INFO:, found 0 faces
2020-05-17 19:46:01,224:INFO:, found 0 faces
2020-05-17 19:46:01,360:INFO:, found 0 faces
2020-05-17 19:46:01,525:INFO:, found 0 faces
2020-05-17 19:46:01,681:INFO:, found 0 faces
2020-05-17 19:46:01,820:INFO:, found 0 faces
2020-05-17 19:46:01,958:INFO:, found 0 faces
2020-05-17 19:46:02,095:INFO:, found 0 faces
2020-05-17 19:46:02,231:INFO:, found 0 faces
2020-05-17 19:46:02,367:INFO:, found 0 faces
2020-05-17 19:46:02,502:INFO:, found 0 faces
2020-05-17 19:46:02,638:INFO:, found 0 faces
2020-05-17 19:46:02,776:INFO:, found 0 faces
2020-05-17 19:46:02,911:INFO:, found 0 faces
2020-05-17 19:46:03,049:INFO:, found 0 faces
2020-05-17 19:46:03,208:INFO:, found 0 faces
2020-05-17 19:46:03,347:INFO:, found 0 faces
2020-05-17 19:46:03,483:INFO:, found 0 faces
2020-05-17 19:46:03,619:INFO:, found 0 faces
2020-05-17 19:46:03,755:INFO:, found 0 faces
2020-05-17 19:46:03,892:INFO:, found 0 faces
2020-05-17 19:46:04,029:INFO:, found 0 faces
2020-05-17 19:46:04,165:INFO:, found 0 faces
2020-05-17 19:46:04,301:INFO:, found 0 faces
2020-05-17 19:46:04,436:INFO:, found 0 faces
2020-05-17 19:46:04,573:INFO:, found 0 faces
2020-05-17 19:46:04,709:INFO:, found 0 faces
2020-05-17 19:46:04,844:INFO:, found 0 faces
2020-05-17 19:46:04,981:INFO:, found 0 faces
2020-05-17 19:46:05,117:INFO:, found 0 faces
2020-05-17 19:46:05,252:INFO:, found 0 faces
2020-05-17 19:46:05,389:INFO:, found 0 faces
2020-05-17 19:46:05,524:INFO:, found 0 faces
2020-05-17 19:46:05,660:INFO:, found 0 faces
2020-05-17 19:46:05,797:INFO:, found 0 faces
2020-05-17 19:46:05,932:INFO:, found 0 faces
2020-05-17 19:46:06,070:INFO:, found 0 faces
2020-05-17 19:46:06,206:INFO:, found 0 faces
2020-05-17 19:46:06,348:INFO:, found 0 faces
2020-05-17 19:46:06,486:INFO:, found 0 faces
2020-05-17 19:46:06,624:INFO:, found 0 faces
2020-05-17 19:46:06,760:INFO:, found 0 faces
2020-05-17 19:46:06,896:INFO:, found 0 faces
2020-05-17 19:46:07,031:INFO:, found 0 faces
2020-05-17 19:46:07,167:INFO:, found 0 faces
2020-05-17 19:46:07,621:INFO:, found 1 faces
2020-05-17 19:46:07,763:INFO:, found 0 faces
2020-05-17 19:46:07,901:INFO:, found 0 faces
2020-05-17 19:46:08,041:INFO:, found 0 faces
2020-05-17 19:46:08,176:INFO:, found 0 faces
2020-05-17 19:46:08,312:INFO:, found 0 faces
2020-05-17 19:46:08,449:INFO:, found 0 faces
2020-05-17 19:46:08,585:INFO:, found 0 faces
2020-05-17 19:46:08,723:INFO:, found 0 faces
2020-05-17 19:46:08,859:INFO:, found 0 faces
2020-05-17 19:46:08,995:INFO:, found 0 faces
2020-05-17 19:46:09,131:INFO:, found 0 faces
2020-05-17 19:46:09,268:INFO:, found 0 faces
2020-05-17 19:46:09,411:INFO:, found 0 faces
2020-05-17 19:46:09,622:INFO:, found 0 faces
2020-05-17 19:46:09,801:INFO:, found 0 faces
2020-05-17 19:46:09,945:INFO:, found 0 faces
2020-05-17 19:46:10,098:INFO:, found 0 faces
2020-05-17 19:46:10,235:INFO:, found 0 faces
2020-05-17 19:46:10,371:INFO:, found 0 faces
2020-05-17 19:46:10,508:INFO:, found 0 faces
2020-05-17 19:46:10,644:INFO:, found 0 faces
2020-05-17 19:46:10,781:INFO:, found 0 faces
2020-05-17 19:46:10,917:INFO:, found 0 faces
2020-05-17 19:46:11,053:INFO:, found 0 faces
2020-05-17 19:46:11,190:INFO:, found 0 faces
2020-05-17 19:46:11,328:INFO:, found 0 faces
2020-05-17 19:46:11,470:INFO:, found 0 faces
2020-05-17 19:46:11,608:INFO:, found 0 faces
2020-05-17 19:46:11,747:INFO:, found 0 faces
2020-05-17 19:46:11,884:INFO:, found 0 faces
2020-05-17 19:46:12,024:INFO:, found 0 faces
2020-05-17 19:46:12,159:INFO:, found 0 faces
2020-05-17 19:46:12,295:INFO:, found 0 faces
2020-05-17 19:46:12,430:INFO:, found 0 faces
2020-05-17 19:46:12,567:INFO:, found 0 faces
2020-05-17 19:46:12,703:INFO:, found 0 faces
2020-05-17 19:46:12,839:INFO:, found 0 faces
2020-05-17 19:46:12,975:INFO:, found 0 faces
2020-05-17 19:46:13,111:INFO:, found 0 faces
2020-05-17 19:46:13,247:INFO:, found 0 faces
2020-05-17 19:46:13,384:INFO:, found 0 faces
2020-05-17 19:46:13,521:INFO:, found 0 faces
2020-05-17 19:46:13,657:INFO:, found 0 faces
2020-05-17 19:46:13,794:INFO:, found 0 faces
2020-05-17 19:46:13,929:INFO:, found 0 faces
2020-05-17 19:46:14,065:INFO:, found 0 faces
2020-05-17 19:46:14,201:INFO:, found 0 faces
2020-05-17 19:46:14,358:INFO:, found 0 faces
2020-05-17 19:46:14,495:INFO:, found 0 faces
2020-05-17 19:46:14,631:INFO:, found 0 faces
2020-05-17 19:46:14,766:INFO:, found 0 faces
2020-05-17 19:46:14,902:INFO:, found 0 faces
2020-05-17 19:46:15,038:INFO:, found 0 faces
2020-05-17 19:46:15,175:INFO:, found 0 faces
2020-05-17 19:46:15,312:INFO:, found 0 faces
2020-05-17 19:46:15,447:INFO:, found 0 faces
2020-05-17 19:46:15,584:INFO:, found 0 faces
2020-05-17 19:46:15,721:INFO:, found 0 faces
2020-05-17 19:46:15,857:INFO:, found 0 faces
2020-05-17 19:46:16,313:INFO:, found 1 faces
2020-05-17 19:46:16,319:INFO:Match found: AllThingsEka
2020-05-17 19:46:16,456:INFO:, found 0 faces
2020-05-17 19:46:16,591:INFO:, found 0 faces
2020-05-17 19:46:16,727:INFO:, found 0 faces
2020-05-17 19:46:16,866:INFO:, found 0 faces
2020-05-17 19:46:17,001:INFO:, found 0 faces
2020-05-17 19:46:17,138:INFO:, found 0 faces
2020-05-17 19:46:17,273:INFO:, found 0 faces
2020-05-17 19:46:17,409:INFO:, found 0 faces
2020-05-17 19:46:17,544:INFO:, found 0 faces
2020-05-17 19:46:17,679:INFO:, found 0 faces
2020-05-17 19:46:17,816:INFO:, found 0 faces
2020-05-17 19:46:17,951:INFO:, found 0 faces
2020-05-17 19:46:18,087:INFO:, found 0 faces
2020-05-17 19:46:18,223:INFO:, found 0 faces
2020-05-17 19:46:18,359:INFO:, found 0 faces
2020-05-17 19:46:18,495:INFO:, found 0 faces
2020-05-17 19:46:18,631:INFO:, found 0 faces
2020-05-17 19:46:18,767:INFO:, found 0 faces
2020-05-17 19:46:18,902:INFO:, found 0 faces
2020-05-17 19:46:19,050:INFO:, found 0 faces
2020-05-17 19:46:19,206:INFO:, found 0 faces
2020-05-17 19:46:19,342:INFO:, found 0 faces
2020-05-17 19:46:19,479:INFO:, found 0 faces
2020-05-17 19:46:19,617:INFO:, found 0 faces
2020-05-17 19:46:19,753:INFO:, found 0 faces
2020-05-17 19:46:19,890:INFO:, found 0 faces
2020-05-17 19:46:20,025:INFO:, found 0 faces
2020-05-17 19:46:20,161:INFO:, found 0 faces
2020-05-17 19:46:20,296:INFO:, found 0 faces
2020-05-17 19:46:20,432:INFO:, found 0 faces
2020-05-17 19:46:20,568:INFO:, found 0 faces
2020-05-17 19:46:20,704:INFO:, found 0 faces
2020-05-17 19:46:21,159:INFO:, found 1 faces
2020-05-17 19:46:21,165:INFO:Match found: AllThingsEka
2020-05-17 19:46:21,622:INFO:, found 1 faces
2020-05-17 19:46:21,629:INFO:Match found: AllThingsEka
2020-05-17 19:46:22,083:INFO:, found 1 faces
2020-05-17 19:46:22,089:INFO:Match found: AllThingsEka
2020-05-17 19:46:22,544:INFO:, found 1 faces
2020-05-17 19:46:22,550:INFO:Match found: AllThingsEka
2020-05-17 19:46:22,686:INFO:, found 0 faces
2020-05-17 19:46:22,822:INFO:, found 0 faces
2020-05-17 19:46:23,277:INFO:, found 1 faces
2020-05-17 19:46:23,283:INFO:Match found: AllThingsEka
2020-05-17 19:46:23,767:INFO:, found 1 faces
2020-05-17 19:46:23,774:INFO:Match found: AllThingsEka
2020-05-17 19:46:24,228:INFO:, found 1 faces
2020-05-17 19:46:24,234:INFO:Match found: AllThingsEka
2020-05-17 19:46:24,691:INFO:, found 1 faces
2020-05-17 19:46:24,698:INFO:Match found: AllThingsEka
2020-05-17 19:46:24,834:INFO:, found 0 faces
2020-05-17 19:46:24,969:INFO:, found 0 faces
2020-05-17 19:46:25,106:INFO:, found 0 faces
2020-05-17 19:46:25,241:INFO:, found 0 faces
2020-05-17 19:46:25,376:INFO:, found 0 faces
2020-05-17 19:46:25,512:INFO:, found 0 faces
2020-05-17 19:46:25,648:INFO:, found 0 faces
2020-05-17 19:46:25,784:INFO:, found 0 faces
2020-05-17 19:46:25,920:INFO:, found 0 faces
2020-05-17 19:46:26,055:INFO:, found 0 faces
2020-05-17 19:46:26,194:INFO:, found 0 faces
2020-05-17 19:46:26,648:INFO:, found 1 faces
2020-05-17 19:46:26,655:INFO:Match found: AllThingsEka
2020-05-17 19:46:26,789:INFO:, found 0 faces
2020-05-17 19:46:26,926:INFO:, found 0 faces
2020-05-17 19:46:27,398:INFO:, found 1 faces
2020-05-17 19:46:27,406:INFO:Match found: AllThingsEka
2020-05-17 19:46:27,543:INFO:, found 0 faces
2020-05-17 19:46:27,701:INFO:, found 0 faces
2020-05-17 19:46:27,846:INFO:, found 0 faces
2020-05-17 19:46:27,993:INFO:, found 0 faces
2020-05-17 19:46:28,145:INFO:, found 0 faces
2020-05-17 19:46:28,281:INFO:, found 0 faces
2020-05-17 19:46:28,417:INFO:, found 0 faces
2020-05-17 19:46:28,553:INFO:, found 0 faces
2020-05-17 19:46:28,688:INFO:, found 0 faces
2020-05-17 19:46:28,823:INFO:, found 0 faces
2020-05-17 19:46:28,960:INFO:, found 0 faces
2020-05-17 19:46:29,095:INFO:, found 0 faces
2020-05-17 19:46:29,231:INFO:, found 0 faces
2020-05-17 19:46:29,366:INFO:, found 0 faces
2020-05-17 19:46:29,502:INFO:, found 0 faces
2020-05-17 19:46:29,638:INFO:, found 0 faces
2020-05-17 19:46:29,773:INFO:, found 0 faces
2020-05-17 19:46:29,909:INFO:, found 0 faces
2020-05-17 19:46:30,044:INFO:, found 0 faces
2020-05-17 19:46:30,180:INFO:, found 0 faces
2020-05-17 19:46:30,315:INFO:, found 0 faces
2020-05-17 19:46:30,451:INFO:, found 0 faces
2020-05-17 19:46:30,588:INFO:, found 0 faces
2020-05-17 20:08:22,722:INFO:loading known faces and names...

2020-05-17 20:08:22,723:INFO:8
2020-05-17 20:08:25,864:INFO:10
2020-05-17 20:08:30,439:INFO:Processing unknown faces...
2020-05-17 20:08:31,765:INFO:, found 0 faces
2020-05-17 20:08:31,920:INFO:, found 0 faces
2020-05-17 20:08:32,056:INFO:, found 0 faces
2020-05-17 20:08:32,193:INFO:, found 0 faces
2020-05-17 20:08:32,329:INFO:, found 0 faces
2020-05-17 20:08:32,478:INFO:, found 0 faces
2020-05-17 20:08:32,940:INFO:, found 1 faces
2020-05-17 20:08:32,945:INFO:Match found: Rasmus
2020-05-17 20:08:33,083:INFO:, found 0 faces
2020-05-17 20:08:33,218:INFO:, found 0 faces
2020-05-17 20:08:33,354:INFO:, found 0 faces
2020-05-17 20:08:33,491:INFO:, found 0 faces
2020-05-17 20:08:33,626:INFO:, found 0 faces
2020-05-17 20:08:33,763:INFO:, found 0 faces
2020-05-17 20:08:33,897:INFO:, found 0 faces
2020-05-17 20:08:34,360:INFO:, found 1 faces
2020-05-17 20:08:34,365:INFO:Match found: Rasmus
2020-05-17 20:08:34,502:INFO:, found 0 faces
2020-05-17 20:08:34,639:INFO:, found 0 faces
2020-05-17 20:08:34,786:INFO:, found 0 faces
2020-05-17 20:08:34,925:INFO:, found 0 faces
2020-05-17 20:08:35,061:INFO:, found 0 faces
2020-05-17 20:08:35,198:INFO:, found 0 faces
2020-05-17 20:08:35,334:INFO:, found 0 faces
2020-05-17 20:08:35,470:INFO:, found 0 faces
2020-05-17 20:08:35,614:INFO:, found 0 faces
2020-05-17 20:08:35,755:INFO:, found 0 faces
2020-05-17 20:08:35,896:INFO:, found 0 faces
2020-05-17 20:08:36,034:INFO:, found 0 faces
2020-05-17 20:08:36,196:INFO:, found 0 faces
2020-05-17 20:08:36,333:INFO:, found 0 faces
2020-05-17 20:08:36,787:INFO:, found 1 faces
2020-05-17 20:08:36,793:INFO:Match found: Rasmus
2020-05-17 20:08:37,273:INFO:, found 1 faces
2020-05-17 20:08:37,279:INFO:Match found: Rasmus
2020-05-17 20:08:37,732:INFO:, found 1 faces
2020-05-17 20:08:37,738:INFO:Match found: Rasmus
2020-05-17 20:08:38,207:INFO:, found 1 faces
2020-05-17 20:08:38,213:INFO:Match found: Rasmus
2020-05-17 20:08:38,688:INFO:, found 1 faces
2020-05-17 20:08:38,693:INFO:Match found: Rasmus
2020-05-17 20:08:39,149:INFO:, found 1 faces
2020-05-17 20:08:39,155:INFO:Match found: Rasmus
2020-05-17 20:08:39,291:INFO:, found 0 faces
2020-05-17 20:08:39,427:INFO:, found 0 faces
2020-05-17 20:08:39,563:INFO:, found 0 faces
2020-05-17 20:08:40,018:INFO:, found 1 faces
2020-05-17 20:08:40,023:INFO:Match found: Rasmus
2020-05-17 20:08:40,483:INFO:, found 1 faces
2020-05-17 20:08:40,489:INFO:Match found: Rasmus
2020-05-17 20:08:40,951:INFO:, found 1 faces
2020-05-17 20:08:40,956:INFO:Match found: Rasmus
2020-05-17 20:08:41,436:INFO:, found 1 faces
2020-05-17 20:08:41,441:INFO:Match found: Rasmus
2020-05-17 20:08:41,578:INFO:, found 0 faces
2020-05-17 20:08:41,725:INFO:, found 0 faces
2020-05-17 20:08:41,865:INFO:, found 0 faces
2020-05-17 20:08:42,004:INFO:, found 0 faces
2020-05-17 20:08:42,141:INFO:, found 0 faces
2020-05-17 20:08:42,278:INFO:, found 0 faces
2020-05-17 20:08:42,416:INFO:, found 0 faces
2020-05-17 20:08:42,553:INFO:, found 0 faces
2020-05-17 20:08:42,708:INFO:, found 0 faces
2020-05-17 20:08:42,845:INFO:, found 0 faces
2020-05-17 20:08:42,982:INFO:, found 0 faces
2020-05-17 20:08:43,120:INFO:, found 0 faces
2020-05-17 20:08:43,257:INFO:, found 0 faces
2020-05-17 20:08:43,393:INFO:, found 0 faces
2020-05-17 20:08:43,529:INFO:, found 0 faces
2020-05-17 20:08:43,665:INFO:, found 0 faces
2020-05-17 20:08:44,184:INFO:, found 1 faces
2020-05-17 20:08:44,190:INFO:Match found: Rasmus
2020-05-17 20:08:44,684:INFO:, found 1 faces
2020-05-17 20:08:44,691:INFO:Match found: Rasmus
2020-05-17 20:08:45,229:INFO:, found 1 faces
2020-05-17 20:08:45,234:INFO:Match found: Rasmus
2020-05-17 20:08:45,696:INFO:, found 1 faces
2020-05-17 20:08:45,701:INFO:Match found: Rasmus
2020-05-17 20:08:46,218:INFO:, found 1 faces
2020-05-17 20:08:46,225:INFO:Match found: Rasmus
2020-05-17 20:08:46,706:INFO:, found 1 faces
2020-05-17 20:08:46,712:INFO:Match found: Rasmus
2020-05-17 20:08:47,255:INFO:, found 1 faces
2020-05-17 20:08:47,261:INFO:Match found: Rasmus
2020-05-17 20:08:47,399:INFO:, found 0 faces
2020-05-17 20:08:47,535:INFO:, found 0 faces
2020-05-17 20:08:47,672:INFO:, found 0 faces
2020-05-17 20:08:47,812:INFO:, found 0 faces
2020-05-17 20:08:47,948:INFO:, found 0 faces
2020-05-17 20:08:48,404:INFO:, found 1 faces
2020-05-17 20:08:48,410:INFO:Match found: Rasmus
2020-05-17 20:08:48,897:INFO:, found 1 faces
2020-05-17 20:08:48,903:INFO:Match found: Rasmus
2020-05-17 20:08:49,379:INFO:, found 1 faces
2020-05-17 20:08:49,385:INFO:Match found: Rasmus
2020-05-17 20:08:49,893:INFO:, found 1 faces
2020-05-17 20:08:49,898:INFO:Match found: Rasmus
2020-05-17 20:08:50,054:INFO:, found 0 faces
2020-05-17 20:08:50,202:INFO:, found 0 faces
2020-05-17 20:08:50,697:INFO:, found 1 faces
2020-05-17 20:08:50,702:INFO:Match found: Rasmus
2020-05-17 20:08:50,842:INFO:, found 0 faces
2020-05-17 20:08:50,981:INFO:, found 0 faces
2020-05-17 20:08:51,118:INFO:, found 0 faces
2020-05-17 20:08:51,260:INFO:, found 0 faces
2020-05-17 20:08:51,397:INFO:, found 0 faces
2020-05-17 20:08:51,534:INFO:, found 0 faces
2020-05-17 20:08:51,678:INFO:, found 0 faces
2020-05-17 20:08:51,818:INFO:, found 0 faces
2020-05-17 20:08:51,959:INFO:, found 0 faces
2020-05-17 20:08:52,095:INFO:, found 0 faces
2020-05-17 20:08:52,232:INFO:, found 0 faces
2020-05-17 20:08:52,369:INFO:, found 0 faces
2020-05-17 20:08:52,514:INFO:, found 0 faces
2020-05-17 20:08:52,653:INFO:, found 0 faces
2020-05-17 20:08:52,811:INFO:, found 0 faces
2020-05-17 20:08:52,947:INFO:, found 0 faces
2020-05-17 20:08:53,083:INFO:, found 0 faces
2020-05-17 20:08:53,218:INFO:, found 0 faces
2020-05-17 20:08:53,673:INFO:, found 1 faces
2020-05-17 20:08:55,751:INFO:, found 6 faces
2020-05-17 20:08:55,767:INFO:Match found: AllThingsEka
2020-05-17 20:08:58,838:INFO:, found 9 faces
2020-05-17 20:08:59,339:INFO:, found 1 faces
2020-05-17 20:08:59,800:INFO:, found 1 faces
2020-05-17 20:08:59,943:INFO:, found 0 faces
2020-05-17 20:09:00,078:INFO:, found 0 faces
2020-05-17 20:09:00,215:INFO:, found 0 faces
2020-05-17 20:09:00,354:INFO:, found 0 faces
2020-05-17 20:09:00,490:INFO:, found 0 faces
2020-05-17 20:09:00,641:INFO:, found 0 faces
2020-05-17 20:09:00,777:INFO:, found 0 faces
2020-05-17 20:09:00,914:INFO:, found 0 faces
2020-05-17 20:09:01,368:INFO:, found 1 faces
2020-05-17 20:09:01,373:INFO:Match found: Rasmus
2020-05-17 20:09:01,835:INFO:, found 1 faces
2020-05-17 20:09:01,841:INFO:Match found: Rasmus
2020-05-17 20:09:02,300:INFO:, found 1 faces
2020-05-17 20:09:02,306:INFO:Match found: Rasmus
2020-05-17 20:09:02,443:INFO:, found 0 faces
2020-05-17 20:09:02,578:INFO:, found 0 faces
2020-05-17 20:09:02,714:INFO:, found 0 faces
2020-05-17 20:09:02,851:INFO:, found 0 faces
2020-05-17 20:09:02,987:INFO:, found 0 faces
2020-05-17 20:09:03,123:INFO:, found 0 faces
2020-05-17 20:09:03,259:INFO:, found 0 faces
2020-05-17 20:09:03,395:INFO:, found 0 faces
2020-05-17 20:09:03,861:INFO:, found 1 faces
2020-05-17 20:09:04,015:INFO:, found 0 faces
2020-05-17 20:09:04,153:INFO:, found 0 faces
2020-05-17 20:09:04,289:INFO:, found 0 faces
2020-05-17 20:09:04,745:INFO:, found 1 faces
2020-05-17 20:09:04,888:INFO:, found 0 faces
2020-05-17 20:09:05,347:INFO:, found 1 faces
2020-05-17 20:09:05,811:INFO:, found 1 faces
2020-05-17 20:09:06,285:INFO:, found 1 faces
2020-05-17 20:09:06,758:INFO:, found 1 faces
2020-05-17 20:09:06,917:INFO:, found 0 faces
2020-05-17 20:09:07,376:INFO:, found 1 faces
2020-05-17 20:09:07,518:INFO:, found 0 faces
2020-05-17 20:09:08,045:INFO:, found 1 faces
2020-05-17 20:09:08,186:INFO:, found 0 faces
2020-05-17 20:09:08,323:INFO:, found 0 faces
2020-05-17 20:09:08,467:INFO:, found 0 faces
2020-05-17 20:09:08,604:INFO:, found 0 faces
2020-05-17 20:09:08,741:INFO:, found 0 faces
2020-05-17 20:09:08,877:INFO:, found 0 faces
2020-05-17 20:09:09,013:INFO:, found 0 faces
2020-05-17 20:09:09,150:INFO:, found 0 faces
2020-05-17 20:09:09,286:INFO:, found 0 faces
2020-05-17 20:09:09,422:INFO:, found 0 faces
2020-05-17 20:09:09,559:INFO:, found 0 faces
2020-05-17 20:09:09,696:INFO:, found 0 faces
2020-05-17 20:11:33,955:INFO:loading known faces and names...

2020-05-17 20:11:33,956:INFO:8
2020-05-17 20:11:37,046:INFO:10
2020-05-17 20:11:41,595:INFO:Processing unknown faces...
2020-05-17 20:11:42,924:INFO:, found 0 faces
2020-05-17 20:11:43,077:INFO:, found 0 faces
2020-05-17 20:11:43,214:INFO:, found 0 faces
2020-05-17 20:11:43,350:INFO:, found 0 faces
2020-05-17 20:11:43,485:INFO:, found 0 faces
2020-05-17 20:11:43,621:INFO:, found 0 faces
2020-05-17 20:11:43,757:INFO:, found 0 faces
2020-05-17 20:11:43,895:INFO:, found 0 faces
2020-05-17 20:11:44,036:INFO:, found 0 faces
2020-05-17 20:11:44,189:INFO:, found 0 faces
2020-05-17 20:11:44,643:INFO:, found 1 faces
2020-05-17 20:11:44,649:INFO:Match found: Rasmus
2020-05-17 20:11:45,105:INFO:, found 1 faces
2020-05-17 20:11:45,110:INFO:Match found: Rasmus
2020-05-17 20:11:45,564:INFO:, found 1 faces
2020-05-17 20:11:45,569:INFO:Match found: Rasmus
2020-05-17 20:11:46,053:INFO:, found 1 faces
2020-05-17 20:11:46,058:INFO:Match found: Rasmus
2020-05-17 20:11:46,514:INFO:, found 1 faces
2020-05-17 20:11:46,520:INFO:Match found: Rasmus
2020-05-17 20:11:46,976:INFO:, found 1 faces
2020-05-17 20:11:46,982:INFO:Match found: Rasmus
2020-05-17 20:11:47,440:INFO:, found 1 faces
2020-05-17 20:11:47,446:INFO:Match found: Rasmus
2020-05-17 20:11:47,967:INFO:, found 1 faces
2020-05-17 20:11:47,973:INFO:Match found: Rasmus
2020-05-17 20:11:48,441:INFO:, found 1 faces
2020-05-17 20:11:48,446:INFO:Match found: Rasmus
2020-05-17 20:11:48,582:INFO:, found 0 faces
2020-05-17 20:11:48,719:INFO:, found 0 faces
2020-05-17 20:11:49,173:INFO:, found 1 faces
2020-05-17 20:11:49,178:INFO:Match found: Rasmus
2020-05-17 20:11:49,314:INFO:, found 0 faces
2020-05-17 20:11:49,768:INFO:, found 1 faces
2020-05-17 20:11:49,773:INFO:Match found: Rasmus
2020-05-17 20:11:50,234:INFO:, found 1 faces
2020-05-17 20:11:50,239:INFO:Match found: Rasmus
2020-05-17 20:11:50,704:INFO:, found 1 faces
2020-05-17 20:11:50,710:INFO:Match found: Rasmus
2020-05-17 20:11:51,168:INFO:, found 1 faces
2020-05-17 20:11:51,177:INFO:Match found: Rasmus
2020-05-17 20:11:51,647:INFO:, found 1 faces
2020-05-17 20:11:51,653:INFO:Match found: Rasmus
2020-05-17 20:11:52,107:INFO:, found 1 faces
2020-05-17 20:11:52,112:INFO:Match found: Rasmus
2020-05-17 20:11:52,566:INFO:, found 1 faces
2020-05-17 20:11:52,572:INFO:Match found: Rasmus
2020-05-17 20:11:53,032:INFO:, found 1 faces
2020-05-17 20:11:53,037:INFO:Match found: Rasmus
2020-05-17 20:11:53,499:INFO:, found 1 faces
2020-05-17 20:11:53,504:INFO:Match found: Rasmus
2020-05-17 20:11:53,641:INFO:, found 0 faces
2020-05-17 20:11:53,781:INFO:, found 0 faces
2020-05-17 20:11:53,919:INFO:, found 0 faces
2020-05-17 20:11:54,059:INFO:, found 0 faces
2020-05-17 20:11:54,195:INFO:, found 0 faces
2020-05-17 20:11:54,331:INFO:, found 0 faces
2020-05-17 20:11:54,467:INFO:, found 0 faces
2020-05-17 20:11:54,920:INFO:, found 1 faces
2020-05-17 20:11:54,926:INFO:Match found: Rasmus
2020-05-17 20:26:52,798:INFO:loading known faces and names...

2020-05-17 20:26:52,802:INFO:8
2020-05-17 20:26:55,947:INFO:10
2020-05-17 20:27:00,567:INFO:Processing unknown faces...
2020-05-17 20:27:02,012:INFO:, found 0 faces
2020-05-17 20:27:02,165:INFO:, found 0 faces
2020-05-17 20:27:02,304:INFO:, found 0 faces
2020-05-17 20:27:02,440:INFO:, found 0 faces
2020-05-17 20:27:02,576:INFO:, found 0 faces
2020-05-17 20:27:03,033:INFO:, found 1 faces
2020-05-17 20:27:03,038:INFO:Match found: Rasmus
2020-05-17 20:27:03,493:INFO:, found 1 faces
2020-05-17 20:27:03,499:INFO:Match found: Rasmus
2020-05-17 20:27:03,634:INFO:, found 0 faces
2020-05-17 20:27:03,771:INFO:, found 0 faces
2020-05-17 20:27:03,907:INFO:, found 0 faces
2020-05-17 20:27:04,050:INFO:, found 0 faces
2020-05-17 20:27:04,196:INFO:, found 0 faces
2020-05-17 20:27:04,673:INFO:, found 1 faces
2020-05-17 20:27:04,678:INFO:Match found: Rasmus
2020-05-17 20:27:05,132:INFO:, found 1 faces
2020-05-17 20:27:05,138:INFO:Match found: Rasmus
2020-05-17 20:27:05,593:INFO:, found 1 faces
2020-05-17 20:27:05,598:INFO:Match found: Rasmus
2020-05-17 20:27:05,739:INFO:, found 0 faces
2020-05-17 20:27:05,875:INFO:, found 0 faces
2020-05-17 20:27:06,011:INFO:, found 0 faces
2020-05-17 20:27:06,150:INFO:, found 0 faces
2020-05-17 20:27:06,618:INFO:, found 1 faces
2020-05-17 20:27:06,624:INFO:Match found: Rasmus
2020-05-17 20:27:06,761:INFO:, found 0 faces
2020-05-17 20:27:06,900:INFO:, found 0 faces
2020-05-17 20:27:07,037:INFO:, found 0 faces
2020-05-17 20:27:07,174:INFO:, found 0 faces
2020-05-17 20:27:07,311:INFO:, found 0 faces
2020-05-17 20:27:07,451:INFO:, found 0 faces
2020-05-17 20:27:07,587:INFO:, found 0 faces
2020-05-17 20:27:07,724:INFO:, found 0 faces
2020-05-17 20:27:07,860:INFO:, found 0 faces
2020-05-17 20:27:07,997:INFO:, found 0 faces
2020-05-17 20:27:08,452:INFO:, found 1 faces
2020-05-17 20:27:08,458:INFO:Match found: Rasmus
2020-05-17 20:27:08,913:INFO:, found 1 faces
2020-05-17 20:27:08,918:INFO:Match found: Rasmus
2020-05-17 20:27:09,374:INFO:, found 1 faces
2020-05-17 20:27:09,380:INFO:Match found: Rasmus
2020-05-17 20:27:09,851:INFO:, found 1 faces
2020-05-17 20:27:09,857:INFO:Match found: Rasmus
2020-05-17 20:27:09,997:INFO:, found 0 faces
2020-05-17 20:27:10,133:INFO:, found 0 faces
2020-05-17 20:27:10,586:INFO:, found 1 faces
2020-05-17 20:27:10,591:INFO:Match found: Rasmus
2020-05-17 20:27:11,043:INFO:, found 1 faces
2020-05-17 20:27:11,048:INFO:Match found: Rasmus
2020-05-17 20:27:11,504:INFO:, found 1 faces
2020-05-17 20:27:11,509:INFO:Match found: Rasmus
2020-05-17 20:27:11,962:INFO:, found 1 faces
2020-05-17 20:27:11,967:INFO:Match found: Rasmus
2020-05-17 20:27:12,430:INFO:, found 1 faces
2020-05-17 20:27:12,435:INFO:Match found: Rasmus
2020-05-17 20:27:12,571:INFO:, found 0 faces
2020-05-17 20:27:12,707:INFO:, found 0 faces
2020-05-17 20:27:12,842:INFO:, found 0 faces
2020-05-17 20:27:12,978:INFO:, found 0 faces
2020-05-17 20:27:13,118:INFO:, found 0 faces
2020-05-17 20:27:13,254:INFO:, found 0 faces
2020-05-17 20:27:13,707:INFO:, found 1 faces
2020-05-17 20:27:13,713:INFO:Match found: Rasmus
2020-05-17 20:27:13,848:INFO:, found 0 faces
2020-05-17 20:27:13,984:INFO:, found 0 faces
2020-05-17 20:27:14,119:INFO:, found 0 faces
2020-05-17 20:27:14,257:INFO:, found 0 faces
2020-05-17 20:27:14,398:INFO:, found 0 faces
2020-05-17 20:27:14,535:INFO:, found 0 faces
2020-05-17 20:27:14,671:INFO:, found 0 faces
2020-05-17 20:27:14,808:INFO:, found 0 faces
2020-05-17 20:27:14,943:INFO:, found 0 faces
2020-05-17 20:27:15,080:INFO:, found 0 faces
2020-05-17 20:27:15,539:INFO:, found 1 faces
2020-05-17 20:27:15,545:INFO:Match found: Rasmus
2020-05-17 20:27:15,683:INFO:, found 0 faces
2020-05-17 20:27:15,820:INFO:, found 0 faces
2020-05-17 20:27:15,957:INFO:, found 0 faces
2020-05-17 20:27:16,094:INFO:, found 0 faces
2020-05-17 20:27:16,236:INFO:, found 0 faces
2020-05-17 20:27:16,377:INFO:, found 0 faces
2020-05-17 20:27:16,517:INFO:, found 0 faces
2020-05-17 20:27:16,654:INFO:, found 0 faces
2020-05-17 20:27:16,789:INFO:, found 0 faces
2020-05-17 20:27:16,926:INFO:, found 0 faces
2020-05-17 20:27:17,381:INFO:, found 1 faces
2020-05-17 20:27:17,387:INFO:Match found: Rasmus
2020-05-17 20:27:17,525:INFO:, found 0 faces
2020-05-17 20:27:17,661:INFO:, found 0 faces
2020-05-17 20:27:17,800:INFO:, found 0 faces
2020-05-17 20:27:17,937:INFO:, found 0 faces
2020-05-17 20:27:18,073:INFO:, found 0 faces
2020-05-17 20:27:18,208:INFO:, found 0 faces
2020-05-17 20:27:18,343:INFO:, found 0 faces
2020-05-17 20:27:18,479:INFO:, found 0 faces
2020-05-17 20:27:18,614:INFO:, found 0 faces
2020-05-17 20:27:18,749:INFO:, found 0 faces
2020-05-17 20:27:18,885:INFO:, found 0 faces
2020-05-17 20:27:19,021:INFO:, found 0 faces
2020-05-17 20:57:19,065:INFO:loading known faces and names...

2020-05-17 20:57:19,066:INFO:8
2020-05-17 20:57:22,147:INFO:10
2020-05-17 20:57:26,684:INFO:Processing unknown faces...
2020-05-17 20:57:28,189:INFO:, found 0 faces
2020-05-17 20:57:28,343:INFO:, found 0 faces
2020-05-17 20:57:28,481:INFO:, found 0 faces
2020-05-17 20:57:28,617:INFO:, found 0 faces
2020-05-17 20:57:28,753:INFO:, found 0 faces
2020-05-17 20:57:28,917:INFO:, found 0 faces
2020-05-17 20:57:29,053:INFO:, found 0 faces
2020-05-17 20:57:29,190:INFO:, found 0 faces
2020-05-17 20:57:29,326:INFO:, found 0 faces
2020-05-17 20:57:29,462:INFO:, found 0 faces
2020-05-17 20:57:29,597:INFO:, found 0 faces
2020-05-17 20:57:29,733:INFO:, found 0 faces
2020-05-17 20:57:29,868:INFO:, found 0 faces
2020-05-17 20:57:30,006:INFO:, found 0 faces
2020-05-17 20:57:30,143:INFO:, found 0 faces
2020-05-17 20:57:30,596:INFO:, found 1 faces
2020-05-17 20:57:30,601:INFO:Match found: Rasmus
2020-05-17 20:57:31,052:INFO:, found 1 faces
2020-05-17 20:57:31,057:INFO:Match found: Rasmus
2020-05-17 20:57:31,509:INFO:, found 1 faces
2020-05-17 20:57:31,514:INFO:Match found: Rasmus
2020-05-17 20:57:31,971:INFO:, found 1 faces
2020-05-17 20:57:31,976:INFO:Match found: Rasmus
2020-05-17 20:57:32,439:INFO:, found 1 faces
2020-05-17 20:57:32,444:INFO:Match found: Rasmus
2020-05-17 20:57:32,895:INFO:, found 1 faces
2020-05-17 20:57:32,901:INFO:Match found: Rasmus
2020-05-17 20:57:33,353:INFO:, found 1 faces
2020-05-17 20:57:33,358:INFO:Match found: Rasmus
2020-05-17 20:57:33,820:INFO:, found 1 faces
2020-05-17 20:57:33,826:INFO:Match found: Rasmus
2020-05-17 20:57:34,284:INFO:, found 1 faces
2020-05-17 20:57:34,289:INFO:Match found: Rasmus
2020-05-17 20:57:34,741:INFO:, found 1 faces
2020-05-17 20:57:34,746:INFO:Match found: Rasmus
2020-05-17 20:57:35,199:INFO:, found 1 faces
2020-05-17 20:57:35,204:INFO:Match found: Rasmus
2020-05-17 20:57:35,678:INFO:, found 1 faces
2020-05-17 20:57:35,684:INFO:Match found: Rasmus
2020-05-17 20:57:36,140:INFO:, found 1 faces
2020-05-17 20:57:36,145:INFO:Match found: Rasmus
2020-05-17 20:57:36,597:INFO:, found 1 faces
2020-05-17 20:57:36,602:INFO:Match found: Rasmus
2020-05-17 20:57:36,738:INFO:, found 0 faces
2020-05-17 20:57:36,875:INFO:, found 0 faces
2020-05-17 20:57:37,012:INFO:, found 0 faces
2020-05-17 20:57:37,151:INFO:, found 0 faces
2020-05-17 20:57:37,604:INFO:, found 1 faces
2020-05-17 20:57:37,609:INFO:Match found: Rasmus
2020-05-18 11:06:55,932:INFO:loading known faces and names...

2020-05-18 11:06:55,937:INFO:8
2020-05-18 11:06:59,101:INFO:10
2020-05-18 11:07:03,682:INFO:Processing unknown faces...
2020-05-18 11:07:05,007:INFO:, found 0 faces
2020-05-18 11:07:05,173:INFO:, found 0 faces
2020-05-18 11:07:05,311:INFO:, found 0 faces
2020-05-18 11:07:05,447:INFO:, found 0 faces
2020-05-18 11:07:05,583:INFO:, found 0 faces
2020-05-18 11:07:05,720:INFO:, found 0 faces
2020-05-18 11:07:05,857:INFO:, found 0 faces
2020-05-18 11:07:05,993:INFO:, found 0 faces
2020-05-18 11:07:06,130:INFO:, found 0 faces
2020-05-18 11:07:06,271:INFO:, found 0 faces
2020-05-18 11:07:06,407:INFO:, found 0 faces
2020-05-18 11:07:06,543:INFO:, found 0 faces
2020-05-18 11:07:06,679:INFO:, found 0 faces
2020-05-18 11:07:06,814:INFO:, found 0 faces
2020-05-18 11:07:06,953:INFO:, found 0 faces
2020-05-18 11:07:07,101:INFO:, found 0 faces
2020-05-18 11:07:07,237:INFO:, found 0 faces
2020-05-18 11:07:07,373:INFO:, found 0 faces
2020-05-18 11:07:07,830:INFO:, found 1 faces
2020-05-18 11:10:56,761:INFO:loading known faces and names...

2020-05-18 11:10:56,763:INFO:8
2020-05-18 11:10:59,856:INFO:10
2020-05-18 11:11:04,390:INFO:Processing unknown faces...
2020-05-18 11:11:05,708:INFO:, found 0 faces
2020-05-18 11:11:05,869:INFO:, found 0 faces
2020-05-18 11:11:06,007:INFO:, found 0 faces
2020-05-18 11:11:06,144:INFO:, found 0 faces
2020-05-18 11:11:06,281:INFO:, found 0 faces
2020-05-18 11:11:06,420:INFO:, found 0 faces
2020-05-18 11:11:06,559:INFO:, found 0 faces
2020-05-18 11:11:06,695:INFO:, found 0 faces
2020-05-18 11:11:06,832:INFO:, found 0 faces
2020-05-18 11:11:06,968:INFO:, found 0 faces
2020-05-18 11:11:07,105:INFO:, found 0 faces
2020-05-18 11:11:07,563:INFO:, found 1 faces
2020-05-18 11:14:01,670:INFO:loading known faces and names...

2020-05-18 11:14:01,673:INFO:8
2020-05-18 11:14:04,769:INFO:10
2020-05-18 11:14:09,307:INFO:Processing unknown faces...
2020-05-18 11:14:10,644:INFO:, found 0 faces
2020-05-18 11:14:10,803:INFO:, found 0 faces
2020-05-18 11:14:10,942:INFO:, found 0 faces
2020-05-18 11:14:11,081:INFO:, found 0 faces
2020-05-18 11:14:11,219:INFO:, found 0 faces
2020-05-18 11:14:11,360:INFO:, found 0 faces
2020-05-18 11:14:11,502:INFO:, found 0 faces
2020-05-18 11:14:11,642:INFO:, found 0 faces
2020-05-18 11:14:11,780:INFO:, found 0 faces
2020-05-18 11:14:11,921:INFO:, found 0 faces
2020-05-18 11:14:12,379:INFO:, found 1 faces
2020-05-18 11:14:47,085:INFO:loading known faces and names...

2020-05-18 11:14:47,087:INFO:8
2020-05-18 11:14:50,180:INFO:10
2020-05-18 11:14:54,756:INFO:Processing unknown faces...
2020-05-18 11:14:56,055:INFO:, found 0 faces
2020-05-18 11:14:56,207:INFO:, found 0 faces
2020-05-18 11:14:56,343:INFO:, found 0 faces
2020-05-18 11:14:56,479:INFO:, found 0 faces
2020-05-18 11:14:56,615:INFO:, found 0 faces
2020-05-18 11:14:56,751:INFO:, found 0 faces
2020-05-18 11:14:56,889:INFO:, found 0 faces
2020-05-18 11:14:57,026:INFO:, found 0 faces
2020-05-18 11:14:57,161:INFO:, found 0 faces
2020-05-18 11:14:57,297:INFO:, found 0 faces
2020-05-18 11:14:57,750:INFO:, found 1 faces
2020-05-18 11:14:57,761:INFO:Match found: Rasmus
2020-05-18 11:14:57,901:INFO:, found 0 faces
2020-05-18 11:14:58,037:INFO:, found 0 faces
2020-05-18 11:14:58,173:INFO:, found 0 faces
2020-05-18 11:14:58,308:INFO:, found 0 faces
2020-05-18 11:14:58,770:INFO:, found 1 faces
2020-05-18 11:14:58,776:INFO:Match found: Rasmus
2020-05-18 11:14:59,235:INFO:, found 1 faces
2020-05-18 11:14:59,241:INFO:Match found: Rasmus
2020-05-18 11:14:59,702:INFO:, found 1 faces
2020-05-18 11:14:59,708:INFO:Match found: Rasmus
2020-05-18 11:14:59,845:INFO:, found 0 faces
2020-05-18 11:14:59,988:INFO:, found 0 faces
2020-05-18 11:15:00,125:INFO:, found 0 faces
2020-05-18 11:15:00,261:INFO:, found 0 faces
2020-05-18 11:15:00,398:INFO:, found 0 faces
2020-05-18 11:15:00,534:INFO:, found 0 faces
2020-05-18 11:15:00,671:INFO:, found 0 faces
2020-05-18 11:15:00,807:INFO:, found 0 faces
2020-05-18 11:15:00,943:INFO:, found 0 faces
2020-05-18 11:15:01,082:INFO:, found 0 faces
2020-05-18 11:15:01,218:INFO:, found 0 faces
2020-05-18 11:15:01,355:INFO:, found 0 faces
2020-05-18 11:15:01,490:INFO:, found 0 faces
2020-05-18 11:15:01,626:INFO:, found 0 faces
2020-05-18 11:15:01,763:INFO:, found 0 faces
2020-05-18 11:15:01,899:INFO:, found 0 faces
2020-05-18 11:15:02,035:INFO:, found 0 faces
2020-05-18 11:15:02,171:INFO:, found 0 faces
2020-05-18 11:15:02,309:INFO:, found 0 faces
2020-05-18 11:15:02,445:INFO:, found 0 faces
2020-05-18 11:15:02,901:INFO:, found 1 faces
2020-05-18 11:15:02,907:INFO:Match found: Rasmus
2020-05-18 11:15:03,045:INFO:, found 0 faces
2020-05-18 11:15:03,182:INFO:, found 0 faces
2020-05-18 11:15:03,319:INFO:, found 0 faces
2020-05-18 11:15:03,456:INFO:, found 0 faces
2020-05-18 11:15:03,593:INFO:, found 0 faces
2020-05-18 11:15:03,734:INFO:, found 0 faces
2020-05-18 11:15:03,871:INFO:, found 0 faces
2020-05-18 11:15:04,006:INFO:, found 0 faces
2020-05-18 11:15:04,143:INFO:, found 0 faces
2020-05-18 11:15:04,279:INFO:, found 0 faces
2020-05-18 11:15:04,416:INFO:, found 0 faces
2020-05-18 11:15:04,552:INFO:, found 0 faces
2020-05-18 11:15:05,007:INFO:, found 1 faces
2020-05-18 11:15:05,012:INFO:Match found: Rasmus
2020-05-18 11:15:05,484:INFO:, found 1 faces
2020-05-18 11:15:05,489:INFO:Match found: Rasmus
2020-05-18 11:15:05,944:INFO:, found 1 faces
2020-05-18 11:15:05,950:INFO:Match found: Rasmus
2020-05-18 11:15:06,408:INFO:, found 1 faces
2020-05-18 11:15:06,413:INFO:Match found: Rasmus
2020-05-18 11:15:06,872:INFO:, found 1 faces
2020-05-18 11:15:06,878:INFO:Match found: Rasmus
2020-05-18 11:15:07,339:INFO:, found 1 faces
2020-05-18 11:15:07,344:INFO:Match found: Rasmus
2020-05-18 11:15:07,799:INFO:, found 1 faces
2020-05-18 11:15:07,805:INFO:Match found: Rasmus
2020-05-18 11:15:08,263:INFO:, found 1 faces
2020-05-18 11:15:08,268:INFO:Match found: Rasmus
2020-05-18 11:15:08,726:INFO:, found 1 faces
2020-05-18 11:15:08,732:INFO:Match found: Rasmus
2020-05-18 11:15:09,188:INFO:, found 1 faces
2020-05-18 11:15:09,194:INFO:Match found: Rasmus
2020-05-18 11:15:09,651:INFO:, found 1 faces
2020-05-18 11:15:09,657:INFO:Match found: Rasmus
2020-05-18 11:15:10,122:INFO:, found 1 faces
2020-05-18 11:15:10,128:INFO:Match found: Rasmus
2020-05-18 11:15:10,586:INFO:, found 1 faces
2020-05-18 11:15:10,593:INFO:Match found: Rasmus
2020-05-18 11:15:11,052:INFO:, found 1 faces
2020-05-18 11:15:11,057:INFO:Match found: Rasmus
2020-05-18 11:15:11,195:INFO:, found 0 faces
2020-05-18 11:15:11,332:INFO:, found 0 faces
2020-05-18 11:15:11,467:INFO:, found 0 faces
2020-05-18 11:15:11,605:INFO:, found 0 faces
2020-05-18 11:15:11,747:INFO:, found 0 faces
2020-05-18 11:15:11,888:INFO:, found 0 faces
2020-05-18 11:15:12,046:INFO:, found 0 faces
