2020-04-07 11:24:05,830:INFO:loading known faces...

2020-04-07 11:24:05,832:INFO:12501999_1513450178957100_1268327199_n.jpg
2020-04-07 11:24:06,554:INFO:ekaref.png
2020-04-07 11:24:07,079:INFO:ekaref02.png
2020-04-07 11:24:07,630:INFO:ekaref03.png
2020-04-07 11:24:08,178:INFO:grad.png
2020-04-07 11:24:08,630:INFO:white_corn.png
2020-04-07 11:24:09,150:INFO:white_corn02.png
2020-04-07 11:24:09,611:INFO:white_corn03.png
2020-04-07 11:24:10,072:INFO:062917-aubrey-plaza-ingrid-goes-west-lead.jpg
2020-04-07 11:24:10,893:INFO:12-aubrey-plaza.w1200.h630.jpg
2020-04-07 11:24:11,846:INFO:1200px-Aubrey_Plaza_2012_Shankbone.jpg
2020-04-07 11:24:13,413:INFO:1200px-Aubrey_Plaza_2018_(cropped).jpg
2020-04-07 11:24:15,101:INFO:aubrey-plaza.jpg
2020-04-07 11:24:15,713:INFO:Aubrey-Plaza_4.jpg
2020-04-07 11:24:16,695:INFO:Aubry.jpg
2020-04-07 11:24:18,281:INFO:Screenshasdot_2.png
2020-04-07 11:24:18,789:INFO:Screenshot_1.png
2020-04-07 11:24:19,379:INFO:Screenshot_2.png
2020-04-07 11:24:19,903:INFO:Screenshot_3.png
2020-04-07 11:24:20,687:INFO:Screenshot_5.png
2020-04-07 11:24:21,379:INFO:4web+beauty_DSC0838+4+print+cropped+4web.jpg
